2012-10-11T00:39:01+02:00 WARNING{"errstr":"Undefined variable: obj","errfile":"\/var\/www\/apps\/billing\/controller.class.php","errline":112,"errno":8}
2012-10-11T00:40:44+02:00 WARNING{"errstr":"Undefined variable: obj","errfile":"\/var\/www\/apps\/billing\/controller.class.php","errline":112,"errno":8}
2012-10-11T00:40:44+02:00 WARNING{"errstr":"Missing argument 2 for helper\\lodo::__construct(), called in \/var\/www\/helpers\/lodo\/controller.class.php on line 240 and defined","errfile":"\/var\/www\/helpers\/lodo\/controller.class.php","errline":95,"errno":2}
2012-10-11T00:40:44+02:00 WARNING{"errstr":"Undefined variable: app","errfile":"\/var\/www\/helpers\/lodo\/controller.class.php","errline":100,"errno":8}
2012-10-11T00:40:44+02:00 WARNING{"errstr":"Undefined variable: app","errfile":"\/var\/www\/helpers\/lodo\/controller.class.php","errline":103,"errno":8}
2012-10-11T00:40:44+02:00 ERROR{"message":"groups has to be an array","file":"implement","line":"implement"}
2012-10-11T00:40:44+02:00 WARNING{"errstr":"Undefined index: favicon.ico","errfile":"\/var\/www\/start\/finance\/api.class.php","errline":367,"errno":8}
2012-10-11T00:40:44+02:00 WARNING{"errstr":"Trying to get property of non-object","errfile":"\/var\/www\/start\/finance\/api.class.php","errline":367,"errno":8}
2012-10-11T00:40:44+02:00 WARNING{"errstr":"Undefined index: favicon.ico","errfile":"\/var\/www\/start\/finance\/api.class.php","errline":368,"errno":8}
2012-10-11T00:40:44+02:00 WARNING{"errstr":"Trying to get property of non-object","errfile":"\/var\/www\/start\/finance\/api.class.php","errline":368,"errno":8}
2012-10-11T00:40:44+02:00 WARNING{"errstr":"unable to load class: app\\favicon.ico in \/var\/www\/apps\/favicon.ico\/controller.class.php or \/var\/www\/apps\/favicon.ico.class.php","errfile":"\/var\/www\/webroot\/index.php","errline":107,"errno":512}
2012-10-11T00:40:44+02:00 WARNING{"errstr":"Page index does not exist in app \\app\\favicon.ico.","errfile":"\/var\/www\/core\/reqHandler.class.php","errline":96,"errno":1024}
2012-10-11T00:41:56+02:00 ERROR {"message":"groups has to be an array","file":"implement","line":"implement"}
2012-11-04T16:11:44+01:00 ERROR {"message":"Not yet implemented","file":"implement","line":"implement"}
2012-11-04T16:12:22+01:00 ERROR {"message":"Not yet implemented","file":"implement","line":"implement"}
2012-11-04T16:14:39+01:00 ERROR {"message":"Not yet implemented","file":"implement","line":"implement"}
2012-11-04T16:38:48+01:00 ERROR {"message":"Not yet implemented","file":"implement","line":"implement"}
2012-11-04T16:39:10+01:00 ERROR {"message":"Not yet implemented","file":"implement","line":"implement"}
2012-11-04T16:39:37+01:00 ERROR {"message":"Not yet implemented","file":"implement","line":"implement"}
2012-11-04T16:39:45+01:00 ERROR {"message":"Not yet implemented","file":"implement","line":"implement"}
2012-11-04T16:39:50+01:00 ERROR {"message":"Not yet implemented","file":"implement","line":"implement"}
2012-11-04T16:40:19+01:00 ERROR {"message":"Not yet implemented","file":"implement","line":"implement"}
2012-11-04T16:40:34+01:00 ERROR {"message":"Not yet implemented","file":"implement","line":"implement"}
2012-11-04T16:40:36+01:00 ERROR {"message":"Not yet implemented","file":"implement","line":"implement"}
2012-11-04T20:28:57+01:00 ERROR {"message":"Couldn't do conversion","file":"implement","line":"implement"}
2012-11-06T18:04:00+01:00 ERROR {"message":"Property \"cvr\" doesn't exist in model\\ext\\ubl2\\PartyLegalEntity","file":"implement","line":"implement"}
2012-11-06T19:32:10+01:00 ERROR {"message":"Property \"schemeID\" doesn't exist in model\\ext\\ubl2\\PartyLegalEntity","file":"implement","line":"implement"}
2012-11-06T19:32:15+01:00 ERROR {"message":"Property \"schemeID\" doesn't exist in model\\ext\\ubl2\\PartyLegalEntity","file":"implement","line":"implement"}
2012-11-06T19:32:45+01:00 ERROR {"message":"Property \"schemeID\" doesn't exist in model\\ext\\ubl2\\PartyLegalEntity","file":"implement","line":"implement"}
2012-11-06T19:33:27+01:00 ERROR {"message":"Property \"schemeID\" doesn't exist in model\\ext\\ubl2\\PartyLegalEntity","file":"implement","line":"implement"}
2012-11-06T19:34:41+01:00 ERROR {"message":"Property \"schemeID\" doesn't exist in model\\ext\\ubl2\\PartyLegalEntity","file":"implement","line":"implement"}
2012-11-06T19:35:00+01:00 ERROR {"message":"Property \"schemeID\" doesn't exist in model\\ext\\ubl2\\PartyLegalEntity","file":"implement","line":"implement"}
2012-11-06T19:35:01+01:00 ERROR {"message":"Property \"schemeID\" doesn't exist in model\\ext\\ubl2\\PartyLegalEntity","file":"implement","line":"implement"}
2012-11-06T19:35:29+01:00 ERROR {"message":"Property \"schemeID\" doesn't exist in model\\ext\\ubl2\\PartyLegalEntity","file":"implement","line":"implement"}
2012-11-06T19:36:35+01:00 ERROR {"message":"Property \"schemeID\" doesn't exist in model\\ext\\ubl2\\PartyLegalEntity","file":"implement","line":"implement"}
2012-11-06T19:37:08+01:00 ERROR {"message":"Property \"schemeID\" doesn't exist in model\\ext\\ubl2\\PartyLegalEntity","file":"implement","line":"implement"}
2012-11-06T19:37:43+01:00 ERROR {"message":"Property \"schemeID\" doesn't exist in model\\ext\\ubl2\\PartyLegalEntity","file":"implement","line":"implement"}
2012-11-06T19:37:59+01:00 ERROR {"message":"Property \"schemeID\" doesn't exist in model\\ext\\ubl2\\PartyLegalEntity","file":"implement","line":"implement"}
2012-11-06T19:38:23+01:00 ERROR {"message":"Property \"schemeID\" doesn't exist in model\\ext\\ubl2\\PartyLegalEntity","file":"implement","line":"implement"}
2012-11-06T19:38:28+01:00 ERROR {"message":"Property \"schemeID\" doesn't exist in model\\ext\\ubl2\\PartyLegalEntity","file":"implement","line":"implement"}
2012-11-06T19:39:16+01:00 ERROR {"message":"Property \"schemeID\" doesn't exist in model\\ext\\ubl2\\PartyLegalEntity","file":"implement","line":"implement"}
2012-11-13T22:04:11+01:00 ERROR {"message":"Incorrect response id (request id: 1, response id: )","file":"implement","line":"implement"}
2012-11-13T22:07:57+01:00 ERROR {"message":"Incorrect response id (request id: 1, response id: )","file":"implement","line":"implement"}
2012-11-13T22:14:33+01:00 ERROR {"message":"Incorrect response id (request id: 1, response id: )","file":"implement","line":"implement"}
2012-11-13T22:21:03+01:00 ERROR {"message":"Incorrect response id (request id: 1, response id: )","file":"implement","line":"implement"}
2012-11-13T22:24:58+01:00 ERROR {"message":"Incorrect response id (request id: 1, response id: )","stack":"#0 [internal function]: jsonRPCClient->__call('add', Array)\n#1 [internal function]: jsonRPCClient->add(Array)\n#2 \/var\/www\/helpers\/rpc\/controller.class.php(26): call_user_func_array(Array, Array)\n#3 \/var\/www\/start\/finance\/api.class.php(83): helper\\rpc->__call('add', Array)\n#4 \/var\/www\/start\/finance\/api.class.php(83): helper\\rpc\\Finance->add(Array)\n#5 \/var\/www\/start\/finance\/controller.class.php(171): start\\finance\\api::createUser(Object(model\\finance\\platform\\UserCreate))\n#6 [internal function]: start\\finance\\main->createUser()\n#7 \/var\/www\/core\/reqHandler.class.php(126): call_user_func_array(Array, Array)\n#8 \/var\/www\/webroot\/index.php(193): core\\reqHandler::init()\n#9 {main}"}
2012-11-13T22:36:39+01:00 ERROR {"message":"Incorrect response id (request id: 1, response id: )","stack":"#0 [internal function]: jsonRPCClient->__call('add', Array)\n#1 [internal function]: jsonRPCClient->add(Array)\n#2 \/var\/www\/helpers\/rpc\/controller.class.php(26): call_user_func_array(Array, Array)\n#3 \/var\/www\/start\/finance\/api.class.php(83): helper\\rpc->__call('add', Array)\n#4 \/var\/www\/start\/finance\/api.class.php(83): helper\\rpc\\Finance->add(Array)\n#5 \/var\/www\/start\/finance\/controller.class.php(171): start\\finance\\api::createUser(Object(model\\finance\\platform\\UserCreate))\n#6 [internal function]: start\\finance\\main->createUser()\n#7 \/var\/www\/core\/reqHandler.class.php(126): call_user_func_array(Array, Array)\n#8 \/var\/www\/webroot\/index.php(193): core\\reqHandler::init()\n#9 {main}"}
2012-11-13T23:05:49+01:00 ERROR {"message":"Incorrect response id (request id: 1, response id: )","stack":"#0 [internal function]: jsonRPCClient->__call('add', Array)\n#1 [internal function]: jsonRPCClient->add(Array)\n#2 \/var\/www\/helpers\/rpc\/controller.class.php(26): call_user_func_array(Array, Array)\n#3 \/var\/www\/start\/finance\/api.class.php(83): helper\\rpc->__call('add', Array)\n#4 \/var\/www\/start\/finance\/api.class.php(83): helper\\rpc\\Finance->add(Array)\n#5 \/var\/www\/start\/finance\/controller.class.php(171): start\\finance\\api::createUser(Object(model\\finance\\platform\\UserCreate))\n#6 [internal function]: start\\finance\\main->createUser()\n#7 \/var\/www\/core\/reqHandler.class.php(126): call_user_func_array(Array, Array)\n#8 \/var\/www\/webroot\/index.php(193): core\\reqHandler::init()\n#9 {main}"}
2012-11-13T23:39:04+01:00 ERROR {"message":"Incorrect response id (request id: 1, response id: )","stack":"#0 [internal function]: jsonRPCClient->__call('add', Array)\n#1 [internal function]: jsonRPCClient->add(Array)\n#2 \/var\/www\/helpers\/rpc\/controller.class.php(26): call_user_func_array(Array, Array)\n#3 \/var\/www\/start\/finance\/api.class.php(83): helper\\rpc->__call('add', Array)\n#4 \/var\/www\/start\/finance\/api.class.php(83): helper\\rpc\\Finance->add(Array)\n#5 \/var\/www\/start\/finance\/controller.class.php(171): start\\finance\\api::createUser(Object(model\\finance\\platform\\UserCreate))\n#6 [internal function]: start\\finance\\main->createUser()\n#7 \/var\/www\/core\/reqHandler.class.php(131): call_user_func_array(Array, Array)\n#8 \/var\/www\/webroot\/index.php(193): core\\reqHandler::init()\n#9 {main}"}
2012-11-13T23:46:57+01:00 ERROR {"message":"Incorrect response id (request id: 1, response id: )","stack":"#0 [internal function]: jsonRPCClient->__call('add', Array)\n#1 [internal function]: jsonRPCClient->add(Array)\n#2 \/var\/www\/helpers\/rpc\/controller.class.php(26): call_user_func_array(Array, Array)\n#3 \/var\/www\/start\/finance\/api.class.php(83): helper\\rpc->__call('add', Array)\n#4 \/var\/www\/start\/finance\/api.class.php(83): helper\\rpc\\Finance->add(Array)\n#5 \/var\/www\/start\/finance\/controller.class.php(171): start\\finance\\api::createUser(Object(model\\finance\\platform\\UserCreate))\n#6 [internal function]: start\\finance\\main->createUser()\n#7 \/var\/www\/core\/reqHandler.class.php(131): call_user_func_array(Array, Array)\n#8 \/var\/www\/webroot\/index.php(193): core\\reqHandler::init()\n#9 {main}"}
2012-11-13T23:48:46+01:00 ERROR {"message":"Incorrect response id (request id: 1, response id: )","stack":"#0 [internal function]: jsonRPCClient->__call('add', Array)\n#1 [internal function]: jsonRPCClient->add(Array)\n#2 \/var\/www\/helpers\/rpc\/controller.class.php(26): call_user_func_array(Array, Array)\n#3 \/var\/www\/start\/finance\/api.class.php(83): helper\\rpc->__call('add', Array)\n#4 \/var\/www\/start\/finance\/api.class.php(83): helper\\rpc\\Finance->add(Array)\n#5 \/var\/www\/start\/finance\/controller.class.php(171): start\\finance\\api::createUser(Object(model\\finance\\platform\\UserCreate))\n#6 [internal function]: start\\finance\\main->createUser()\n#7 \/var\/www\/core\/reqHandler.class.php(131): call_user_func_array(Array, Array)\n#8 \/var\/www\/webroot\/index.php(193): core\\reqHandler::init()\n#9 {main}"}
