2012-11-13T22:35:58+01:00 INFO {"app":"contacts","ui":"rpc","fileType":"json","_version":"noV"}
2012-11-13T22:35:59+01:00 INFO {"app":"favicon.ico","ui":"rpc","fileType":"ico","_version":"noV"}
2012-11-13T22:36:39+01:00 INFO {"app":"contacts","page":"add","ui":"rpc","fileType":"json","arguments":[{"_version":"v1","_model":"model\\finance\\Contact","apiID":1177,"apiUrl":"http:\/\/rpc.finansmaskinen.dev"}],"id":1,"_version":"noV"}
2012-11-13T22:45:23+01:00 INFO {"app":"contacts","ui":"rpc","_version":"noV"}
2012-11-13T22:45:23+01:00 INFO {"app":"favicon.ico","ui":"rpc","fileType":"ico","_version":"noV"}
2012-11-13T22:45:24+01:00 INFO {"app":"contacts","ui":"rpc","_version":"noV"}
2012-11-13T22:45:25+01:00 INFO {"app":"favicon.ico","ui":"rpc","fileType":"ico","_version":"noV"}
2012-11-13T23:05:29+01:00 INFO {"app":"contacts","ui":"rpc","_version":"noV"}
2012-11-13T23:05:30+01:00 INFO {"app":"favicon.ico","ui":"rpc","fileType":"ico","_version":"noV"}
2012-11-13T23:05:49+01:00 INFO {"app":"contacts","page":"add","ui":"rpc","fileType":"json","id":1,"_version":"noV"}
2012-11-13T23:06:27+01:00 INFO {"app":"main","ui":"rpc","_version":"noV"}
2012-11-13T23:36:59+01:00 INFO {"app":"contacts","ui":"rpc","fileType":"json","callback":{"cacheExpire":-1},"_version":"noV"}
2012-11-13T23:36:59+01:00 INFO {"app":"favicon.ico","ui":"rpc","fileType":"ico","callback":{"cacheExpire":-1},"_version":"noV"}
2012-11-13T23:37:00+01:00 INFO {"app":"contacts","ui":"rpc","fileType":"json","callback":{"cacheExpire":-1},"_version":"noV"}
2012-11-13T23:37:00+01:00 INFO {"app":"favicon.ico","ui":"rpc","fileType":"ico","callback":{"cacheExpire":-1},"_version":"noV"}
2012-11-13T23:38:36+01:00 INFO {"app":"contacts","ui":"rpc","fileType":"json","callback":{"cacheExpire":-1},"_version":"noV"}
2012-11-13T23:38:36+01:00 INFO {"app":"favicon.ico","ui":"rpc","fileType":"ico","callback":{"cacheExpire":-1},"_version":"noV"}
2012-11-13T23:38:37+01:00 INFO {"app":"contacts","ui":"rpc","fileType":"json","callback":{"cacheExpire":-1},"_version":"noV"}
2012-11-13T23:38:38+01:00 INFO {"app":"favicon.ico","ui":"rpc","fileType":"ico","callback":{"cacheExpire":-1},"_version":"noV"}
2012-11-13T23:38:40+01:00 INFO {"app":"contacts","ui":"rpc","fileType":"json","callback":{"cacheExpire":-1},"_version":"noV"}
2012-11-13T23:38:40+01:00 INFO {"app":"favicon.ico","ui":"rpc","fileType":"ico","callback":{"cacheExpire":-1},"_version":"noV"}
2012-11-13T23:39:04+01:00 INFO {"app":"contacts","page":"add","ui":"rpc","fileType":"json","id":1,"callback":{"cacheExpire":-1},"_version":"noV"}
2012-11-13T23:46:57+01:00 INFO {"app":"contacts","page":"add","ui":"rpc","fileType":"json","id":1,"callback":{"cacheExpire":-1},"_version":"noV"}
2012-11-13T23:48:12+01:00 INFO {"app":"contacts","ui":"rpc","fileType":"json","callback":{"cacheExpire":-1},"_version":"noV"}
2012-11-13T23:48:13+01:00 INFO {"app":"favicon.ico","ui":"rpc","fileType":"ico","callback":{"cacheExpire":-1},"_version":"noV"}
2012-11-13T23:48:13+01:00 INFO {"app":"contacts","ui":"rpc","fileType":"json","callback":{"cacheExpire":-1},"_version":"noV"}
2012-11-13T23:48:14+01:00 INFO {"app":"favicon.ico","ui":"rpc","fileType":"ico","callback":{"cacheExpire":-1},"_version":"noV"}
2012-11-13T23:48:31+01:00 INFO {"app":"contacts","ui":"rpc","fileType":"json","callback":{"cacheExpire":-1},"_version":"noV"}
2012-11-13T23:48:33+01:00 INFO {"app":"favicon.ico","ui":"rpc","fileType":"ico","callback":{"cacheExpire":-1},"_version":"noV"}
2012-11-13T23:48:46+01:00 INFO {"app":"contacts","page":"add","ui":"rpc","fileType":"json","id":1,"callback":{"cacheExpire":-1},"_version":"noV"}
2012-11-13T23:49:48+01:00 INFO {"app":"contacts","page":"add","ui":"rpc","fileType":"json","id":1,"callback":{"cacheExpire":-1},"_version":"noV"}
2012-11-13T23:49:48+01:00 INFO {"app":"contacts","page":"add","ui":"rpc","fileType":"json","id":1,"callback":{"cacheExpire":-1},"_version":"noV","responseID":1,"responseErr":null}
2012-11-13T23:51:35+01:00 INFO {"app":"contacts","page":"add","ui":"rpc","fileType":"json","id":1,"callback":{"cacheExpire":-1},"_version":"noV"}
2012-11-13T23:51:35+01:00 INFO {"app":"contacts","page":"add","ui":"rpc","fileType":"json","id":1,"callback":{"cacheExpire":-1},"_version":"noV","responseID":1,"responseErr":null}
2012-11-13T23:51:46+01:00 INFO {"app":"contacts","ui":"rpc","callback":{"cacheExpire":-1},"_version":"noV"}
2012-11-13T23:51:46+01:00 INFO {"app":"contacts","ui":"rpc","callback":{"cacheExpire":-1},"_version":"noV","responseID":null,"responseErr":"Not authorized (you don't have access to requested app)"}
2012-11-13T23:51:46+01:00 INFO {"app":"favicon.ico","ui":"rpc","fileType":"ico","callback":{"cacheExpire":-1},"_version":"noV"}
2012-11-13T23:51:46+01:00 INFO {"app":"favicon.ico","ui":"rpc","fileType":"ico","callback":{"cacheExpire":-1},"_version":"noV","responseID":null,"responseErr":"Not authorized (you don't have access to requested app)"}
2012-11-14T00:05:09+01:00 INFO {"app":"contacts","page":"add","ui":"rpc","fileType":"json","id":1,"callback":{"cacheExpire":-1},"_version":"noV"}
2012-11-14T00:05:09+01:00 INFO {"app":"contacts","page":"add","ui":"rpc","fileType":"json","id":1,"callback":{"cacheExpire":-1},"_version":"noV","responseID":1,"responseErr":null}
2012-11-14T00:30:15+01:00 INFO {"app":"contacts","page":"add","ui":"rpc","fileType":"json","id":1,"callback":{"cacheExpire":-1},"_version":"noV"}
2012-11-14T00:30:15+01:00 INFO {"app":"contacts","page":"add","ui":"rpc","fileType":"json","id":1,"callback":{"cacheExpire":-1},"_version":"noV","responseID":1,"responseErr":null}
2012-11-14T00:33:19+01:00 INFO {"app":"contacts","page":"add","ui":"rpc","fileType":"json","id":1,"callback":{"cacheExpire":-1},"_version":"noV","responseID":1,"responseErr":null}
2012-11-14T00:42:06+01:00 INFO {"app":"contacts","page":"add","ui":"rpc","fileType":"json","id":1,"callback":{"cacheExpire":-1},"_version":"noV","responseID":1,"responseErr":null}
2012-11-14T16:53:07+01:00 INFO {"app":"contacts","ui":"rpc","fileType":"json","callback":{"cacheExpire":-1},"_version":"noV","responseID":null,"responseErr":"Not authorized (you don't have access to requested app)"}
2012-11-14T16:53:08+01:00 INFO {"app":"favicon.ico","ui":"rpc","fileType":"ico","callback":{"cacheExpire":-1},"_version":"noV","responseID":null,"responseErr":"Not authorized (you don't have access to requested app)"}
2012-11-16T19:40:50+01:00 INFO {"app":"bill","page":"add","ui":"rpc","id":1,"callback":{"cacheExpire":-1},"_version":"noV","responseID":1,"responseErr":"Not authorized (you don't have access to requested app)"}
2012-11-16T19:40:52+01:00 INFO {"app":"bill","page":"add","ui":"rpc","id":1,"callback":{"cacheExpire":-1},"_version":"noV","responseID":1,"responseErr":"Not authorized (you don't have access to requested app)"}
2012-11-16T19:41:07+01:00 INFO {"app":"bill","ui":"rpc","callback":{"cacheExpire":-1},"_version":"noV","responseID":null,"responseErr":"Not authorized (you don't have access to requested app)"}
2012-11-16T19:41:08+01:00 INFO {"app":"favicon.ico","ui":"rpc","fileType":"ico","callback":{"cacheExpire":-1},"_version":"noV","responseID":null,"responseErr":"Not authorized (you don't have access to requested app)"}
2012-11-16T19:44:20+01:00 INFO {"app":"bill","page":"","ui":"rpc","id":0,"callback":{"cacheExpire":-1},"_version":"noV","responseID":0,"responseErr":"Not authorized (you don't have access to requested app)"}
2012-11-16T19:44:20+01:00 INFO {"app":"favicon.ico","page":"","ui":"rpc","fileType":"ico","id":0,"callback":{"cacheExpire":-1},"_version":"noV","responseID":0,"responseErr":"Not authorized (you don't have access to requested app)"}
2012-11-16T19:47:50+01:00 INFO {"app":"bill","page":"","ui":"rpc","id":0,"callback":{"cacheExpire":-1},"_version":"noV","responseID":0,"responseErr":"An error with following http code happened: 404"}
2012-11-16T19:47:50+01:00 INFO {"app":"favicon.ico","page":"","ui":"rpc","fileType":"ico","id":0,"callback":{"cacheExpire":-1},"_version":"noV","responseID":0,"responseErr":"An error with following http code happened: 404"}
2012-11-16T19:48:31+01:00 INFO {"app":"bill","page":"","ui":"rpc","id":0,"callback":{"cacheExpire":-1},"_version":"noV","responseID":0,"responseErr":"An error with following http code happened: 404"}
2012-11-16T19:48:31+01:00 INFO {"app":"favicon.ico","page":"","ui":"rpc","fileType":"ico","id":0,"callback":{"cacheExpire":-1},"_version":"noV","responseID":0,"responseErr":"An error with following http code happened: 404"}
2012-11-16T19:48:36+01:00 INFO {"app":"bill","page":"","ui":"rpc","id":0,"callback":{"cacheExpire":-1},"_version":"noV","responseID":0,"responseErr":"An error with following http code happened: 404"}
2012-11-16T19:48:36+01:00 INFO {"app":"favicon.ico","page":"","ui":"rpc","fileType":"ico","id":0,"callback":{"cacheExpire":-1},"_version":"noV","responseID":0,"responseErr":"An error with following http code happened: 404"}
2012-11-16T19:48:41+01:00 INFO {"app":"bill","page":"add","ui":"rpc","id":1,"callback":{"cacheExpire":-1},"_version":"noV","responseID":1,"responseErr":"An error with following http code happened: 404"}
2012-11-16T19:48:54+01:00 INFO {"app":"bill","page":"add","ui":"rpc","id":1,"callback":{"cacheExpire":-1},"_version":"noV","responseID":1,"responseErr":"An error with following http code happened: 404"}
2012-11-16T19:48:55+01:00 INFO {"app":"bill","page":"add","ui":"rpc","id":1,"callback":{"cacheExpire":-1},"_version":"noV","responseID":1,"responseErr":"An error with following http code happened: 404"}
2012-11-16T19:54:15+01:00 INFO {"app":"bill","page":"add","ui":"rpc","id":1,"callback":{"cacheExpire":-1},"_version":"noV","responseID":1,"responseErr":"An error with following http code happened: 404"}
2012-11-16T19:56:09+01:00 INFO {"app":"bill","page":"add","ui":"rpc","fileType":"json","id":1,"callback":{"cacheExpire":-1},"_version":"noV","responseID":1,"responseErr":"An error with following http code happened: 404"}
2012-11-16T19:56:12+01:00 INFO {"app":"bill","page":"add","ui":"rpc","fileType":"json","id":1,"callback":{"cacheExpire":-1},"_version":"noV","responseID":1,"responseErr":"An error with following http code happened: 404"}
2012-11-16T19:56:40+01:00 INFO {"app":"bill","page":"add","ui":"rpc","fileType":"json","id":1,"callback":{"cacheExpire":-1},"_version":"noV","responseID":1,"responseErr":"An error with following http code happened: 404"}
2012-11-16T19:56:41+01:00 INFO {"app":"bill","page":"add","ui":"rpc","fileType":"json","id":1,"callback":{"cacheExpire":-1},"_version":"noV","responseID":1,"responseErr":"An error with following http code happened: 404"}
2012-11-16T19:57:04+01:00 INFO {"app":"bill","page":"","ui":"rpc","fileType":"json","id":0,"callback":{"cacheExpire":-1},"_version":"noV","responseID":0,"responseErr":"An error with following http code happened: 404"}
2012-11-16T19:57:04+01:00 INFO {"app":"favicon.ico","page":"","ui":"rpc","fileType":"ico","id":0,"callback":{"cacheExpire":-1},"_version":"noV","responseID":0,"responseErr":"An error with following http code happened: 404"}
2012-11-16T20:08:51+01:00 INFO {"app":"bill","page":"","ui":"rpc","fileType":"json","id":0,"callback":{"cacheExpire":-1},"_version":"noV","responseID":0,"responseErr":"An error with following http code happened: 404"}
2012-11-16T20:08:51+01:00 INFO {"app":"favicon.ico","page":"","ui":"rpc","fileType":"ico","id":0,"callback":{"cacheExpire":-1},"_version":"noV","responseID":0,"responseErr":"An error with following http code happened: 404"}
2012-11-16T20:08:55+01:00 INFO {"app":"bill","page":"add","ui":"rpc","fileType":"json","id":1,"callback":{"cacheExpire":-1},"_version":"noV","responseID":1,"responseErr":"An error with following http code happened: 404"}
2012-11-16T20:09:53+01:00 INFO {"app":"bill","page":"add","ui":"rpc","fileType":"json","id":1,"callback":{"cacheExpire":-1},"_version":"noV","responseID":1,"responseErr":"An error with following http code happened: 404"}
2012-11-16T20:09:54+01:00 INFO {"app":"bill","page":"add","ui":"rpc","fileType":"json","id":1,"callback":{"cacheExpire":-1},"_version":"noV","responseID":1,"responseErr":"An error with following http code happened: 404"}
2012-11-16T20:10:27+01:00 INFO {"app":"bill","page":"add","ui":"rpc","fileType":"json","id":1,"callback":{"cacheExpire":-1},"_version":"noV","responseID":1,"responseErr":"An error with following http code happened: 404"}
2012-11-16T20:11:44+01:00 INFO {"app":"bill","page":"add","ui":"rpc","fileType":"json","id":1,"callback":{"cacheExpire":-1},"_version":"noV","responseID":1,"responseErr":"An error with following http code happened: 404"}
2012-11-16T20:36:14+01:00 INFO {"app":"bill","page":"add","ui":"rpc","fileType":"json","id":1,"callback":{"cacheExpire":-1},"_version":"noV","responseID":1,"responseErr":"An error with following http code happened: 404"}
2012-11-16T20:39:27+01:00 INFO {"app":"bill","page":"add","ui":"rpc","fileType":"json","id":1,"callback":{"cacheExpire":-1},"_version":"noV","responseID":1,"responseErr":"An error with following http code happened: 404 and masg: add doen' exist in bill"}
2012-11-16T20:39:49+01:00 INFO {"app":"billing","page":"add","ui":"rpc","fileType":"json","id":1,"callback":{"cacheExpire":-1},"_version":"noV","responseID":1,"responseErr":null}
2012-11-16T20:48:56+01:00 INFO {"app":"billing","page":"add","ui":"rpc","fileType":"json","id":1,"callback":{"cacheExpire":-1},"_version":"noV","responseID":1,"responseErr":null}
2012-11-16T20:49:19+01:00 INFO {"app":"billing","page":"add","ui":"rpc","fileType":"json","id":1,"callback":{"cacheExpire":-1},"_version":"noV","responseID":1,"responseErr":null}
2012-11-16T20:53:10+01:00 INFO {"app":"billing","page":"add","ui":"rpc","fileType":"json","id":1,"callback":{"cacheExpire":-1},"_version":"noV","responseID":1,"responseErr":null}
2012-11-16T20:53:41+01:00 INFO {"app":"billing","page":"add","ui":"rpc","fileType":"json","id":1,"callback":{"cacheExpire":-1},"_version":"noV","responseID":1,"responseErr":null}
2012-11-16T20:54:10+01:00 INFO {"app":"billing","page":"add","ui":"rpc","fileType":"json","id":1,"callback":{"cacheExpire":-1},"_version":"noV","responseID":1,"responseErr":null}
2012-11-16T20:54:18+01:00 INFO {"app":"billing","page":"add","ui":"rpc","fileType":"json","id":1,"callback":{"cacheExpire":-1},"_version":"noV","responseID":1,"responseErr":null}
2012-11-16T20:54:29+01:00 INFO {"app":"billing","page":"add","ui":"rpc","fileType":"json","id":1,"callback":{"cacheExpire":-1},"_version":"noV","responseID":1,"responseErr":null}
2012-11-16T20:54:31+01:00 INFO {"app":"billing","page":"add","ui":"rpc","fileType":"json","id":1,"callback":{"cacheExpire":-1},"_version":"noV","responseID":1,"responseErr":null}
2012-11-16T20:55:17+01:00 INFO {"app":"bill","page":"","ui":"rpc","fileType":"json","id":0,"callback":{"cacheExpire":-1},"_version":"noV","responseID":0,"responseErr":"An error with following http code happened: 404 and masg:  doen't exist in bill"}
2012-11-16T20:55:17+01:00 INFO {"app":"favicon.ico","page":"","ui":"rpc","fileType":"ico","id":0,"callback":{"cacheExpire":-1},"_version":"noV","responseID":0,"responseErr":"An error with following http code happened: 404 and masg:  doen't exist in favicon.ico"}
2012-11-16T20:55:25+01:00 INFO {"app":"billing","page":"add","ui":"rpc","fileType":"json","id":1,"callback":{"cacheExpire":-1},"_version":"noV","responseID":1,"responseErr":null}
2012-11-16T20:56:02+01:00 INFO {"app":"billing","page":"add","ui":"rpc","fileType":"json","id":1,"callback":{"cacheExpire":-1},"_version":"noV","responseID":1,"responseErr":null}
2012-11-16T20:56:35+01:00 INFO {"app":"billing","page":"add","ui":"rpc","fileType":"json","id":1,"callback":{"cacheExpire":-1},"_version":"noV","responseID":1,"responseErr":"Property \"Invoice\" doesn't exist in model\\finance\\Contact"}
2012-11-16T21:51:13+01:00 INFO {"app":"billing","page":"add","ui":"rpc","fileType":"json","id":1,"callback":{"cacheExpire":-1},"_version":"noV","responseID":1,"responseErr":null}
2012-11-16T22:01:01+01:00 INFO {"app":"billing","page":"add","ui":"rpc","fileType":"json","id":1,"callback":{"cacheExpire":-1},"_version":"noV","responseID":1,"responseErr":"Property \"draf\" doesn't exist in model\\finance\\Bill"}
2012-11-16T22:01:17+01:00 INFO {"app":"billing","page":"add","ui":"rpc","fileType":"json","id":1,"callback":{"cacheExpire":-1},"_version":"noV","responseID":1,"responseErr":"The bill is not a draft, editing is not possible"}
2012-11-16T22:01:32+01:00 INFO {"app":"billing","page":"add","ui":"rpc","fileType":"json","id":1,"callback":{"cacheExpire":-1},"_version":"noV","responseID":1,"responseErr":null}
2012-11-16T22:07:07+01:00 INFO {"app":"billing","page":"add","ui":"rpc","fileType":"json","id":1,"callback":{"cacheExpire":-1},"_version":"noV","responseID":1,"responseErr":null}
2012-11-16T22:08:42+01:00 INFO {"app":"billing","page":"add","ui":"rpc","fileType":"json","id":1,"callback":{"cacheExpire":-1},"_version":"noV","responseID":1,"responseErr":null}
2012-11-16T22:09:26+01:00 INFO {"app":"billing","page":"add","ui":"rpc","fileType":"json","id":1,"callback":{"cacheExpire":-1},"_version":"noV","responseID":1,"responseErr":null}
2012-11-16T22:09:48+01:00 INFO {"app":"billing","page":"add","ui":"rpc","fileType":"json","id":1,"callback":{"cacheExpire":-1},"_version":"noV","responseID":1,"responseErr":null}
2012-11-16T22:11:53+01:00 INFO {"app":"billing","page":"add","ui":"rpc","fileType":"json","id":1,"callback":{"cacheExpire":-1},"_version":"noV","responseID":1,"responseErr":null}
2012-11-16T22:12:17+01:00 INFO {"app":"billing","page":"add","ui":"rpc","fileType":"json","id":1,"callback":{"cacheExpire":-1},"_version":"noV","responseID":1,"responseErr":null}
2012-11-29T23:10:04+01:00 INFO {"app":"billing","page":"add","ui":"rpc","fileType":"json","id":1,"callback":{"cacheExpire":-1},"_version":"noV","responseID":1,"responseErr":null}
2012-11-29T23:11:37+01:00 INFO {"app":"billing","page":"add","ui":"rpc","fileType":"json","id":1,"callback":{"cacheExpire":-1},"_version":"noV","responseID":1,"responseErr":null}
2012-11-29T23:12:58+01:00 INFO {"app":"billing","page":"add","ui":"rpc","fileType":"json","id":1,"callback":{"cacheExpire":-1},"_version":"noV","responseID":1,"responseErr":null}
2012-11-29T23:13:25+01:00 INFO {"app":"billing","page":"add","ui":"rpc","fileType":"json","id":1,"callback":{"cacheExpire":-1},"_version":"noV","responseID":1,"responseErr":null}
2012-11-29T23:17:36+01:00 INFO {"app":"billing","page":"create","ui":"rpc","fileType":"json","id":1,"callback":{"cacheExpire":-1},"_version":"noV","responseID":1,"responseErr":null}
2012-11-29T23:18:42+01:00 INFO {"app":"billing","page":"create","ui":"rpc","fileType":"json","id":1,"callback":{"cacheExpire":-1},"_version":"noV","responseID":1,"responseErr":null}
2012-11-29T23:20:30+01:00 INFO {"app":"billing","page":"create","ui":"rpc","fileType":"json","id":1,"callback":{"cacheExpire":-1},"_version":"noV","responseID":1,"responseErr":null}
2012-11-29T23:21:08+01:00 INFO {"app":"billing","page":"create","ui":"rpc","fileType":"json","id":1,"callback":{"cacheExpire":-1},"_version":"noV","responseID":1,"responseErr":null}
2012-11-29T23:21:38+01:00 INFO {"app":"billing","page":"create","ui":"rpc","fileType":"json","id":1,"callback":{"cacheExpire":-1},"_version":"noV","responseID":1,"responseErr":null}
2012-11-29T23:21:39+01:00 INFO {"app":"billing","page":"get","ui":"rpc","fileType":"json","id":1,"callback":{"cacheExpire":-1},"_version":"noV","responseID":1,"responseErr":null}
2012-11-29T23:21:55+01:00 INFO {"app":"billing","page":"create","ui":"rpc","fileType":"json","id":1,"callback":{"cacheExpire":-1},"_version":"noV","responseID":1,"responseErr":null}
2012-11-29T23:21:56+01:00 INFO {"app":"billing","page":"get","ui":"rpc","fileType":"json","id":1,"callback":{"cacheExpire":-1},"_version":"noV","responseID":1,"responseErr":null}
2012-11-29T23:32:48+01:00 INFO {"app":"billing","page":"create","ui":"rpc","fileType":"json","id":1,"callback":{"cacheExpire":-1},"_version":"noV","responseID":1,"responseErr":null}
2012-11-29T23:32:49+01:00 INFO {"app":"billing","page":"get","ui":"rpc","fileType":"json","id":1,"callback":{"cacheExpire":-1},"_version":"noV","responseID":1,"responseErr":null}
2012-11-30T00:22:49+01:00 INFO {"app":"billing","page":"create","ui":"rpc","fileType":"json","id":1,"callback":{"cacheExpire":-1},"_version":"noV","responseID":1,"responseErr":null}
2012-11-30T00:22:50+01:00 INFO {"app":"billing","page":"get","ui":"rpc","fileType":"json","id":1,"callback":{"cacheExpire":-1},"_version":"noV","responseID":1,"responseErr":null}
2012-11-30T00:23:30+01:00 INFO {"app":"billing","page":"create","ui":"rpc","fileType":"json","id":1,"callback":{"cacheExpire":-1},"_version":"noV","responseID":1,"responseErr":null}
2012-11-30T00:23:31+01:00 INFO {"app":"billing","page":"get","ui":"rpc","fileType":"json","id":1,"callback":{"cacheExpire":-1},"_version":"noV","responseID":1,"responseErr":null}
2012-11-30T00:24:54+01:00 INFO {"app":"billing","page":"create","ui":"rpc","fileType":"json","id":1,"callback":{"cacheExpire":-1},"_version":"noV","responseID":1,"responseErr":null}
2012-11-30T00:24:55+01:00 INFO {"app":"billing","page":"get","ui":"rpc","fileType":"json","id":1,"callback":{"cacheExpire":-1},"_version":"noV","responseID":1,"responseErr":null}
2012-11-30T00:26:50+01:00 INFO {"app":"billing","page":"create","ui":"rpc","fileType":"json","id":1,"callback":{"cacheExpire":-1},"_version":"noV","responseID":1,"responseErr":null}
2012-11-30T00:26:51+01:00 INFO {"app":"billing","page":"get","ui":"rpc","fileType":"json","id":1,"callback":{"cacheExpire":-1},"_version":"noV","responseID":1,"responseErr":null}
2012-11-30T00:27:24+01:00 INFO {"app":"billing","page":"create","ui":"rpc","fileType":"json","id":1,"callback":{"cacheExpire":-1},"_version":"noV","responseID":1,"responseErr":null}
2012-11-30T00:27:25+01:00 INFO {"app":"billing","page":"get","ui":"rpc","fileType":"json","id":1,"callback":{"cacheExpire":-1},"_version":"noV","responseID":1,"responseErr":null}
2012-11-30T00:28:41+01:00 INFO {"app":"billing","page":"create","ui":"rpc","fileType":"json","id":1,"callback":{"cacheExpire":-1},"_version":"noV","responseID":1,"responseErr":null}
2012-11-30T00:28:42+01:00 INFO {"app":"billing","page":"get","ui":"rpc","fileType":"json","id":1,"callback":{"cacheExpire":-1},"_version":"noV","responseID":1,"responseErr":null}
2012-11-30T00:29:44+01:00 INFO {"app":"billing","page":"create","ui":"rpc","fileType":"json","id":1,"callback":{"cacheExpire":-1},"_version":"noV","responseID":1,"responseErr":null}
2012-11-30T00:29:45+01:00 INFO {"app":"billing","page":"get","ui":"rpc","fileType":"json","id":1,"callback":{"cacheExpire":-1},"_version":"noV","responseID":1,"responseErr":null}
2012-11-30T00:30:20+01:00 INFO {"app":"billing","page":"create","ui":"rpc","fileType":"json","id":1,"callback":{"cacheExpire":-1},"_version":"noV","responseID":1,"responseErr":null}
2012-11-30T00:30:20+01:00 INFO {"app":"billing","page":"get","ui":"rpc","fileType":"json","id":1,"callback":{"cacheExpire":-1},"_version":"noV","responseID":1,"responseErr":null}
2012-11-30T00:30:34+01:00 INFO {"app":"billing","page":"create","ui":"rpc","fileType":"json","id":1,"callback":{"cacheExpire":-1},"_version":"noV","responseID":1,"responseErr":null}
2012-11-30T00:30:35+01:00 INFO {"app":"billing","page":"get","ui":"rpc","fileType":"json","id":1,"callback":{"cacheExpire":-1},"_version":"noV","responseID":1,"responseErr":null}
2012-11-30T00:32:45+01:00 INFO {"app":"billing","page":"create","ui":"rpc","fileType":"json","id":1,"callback":{"cacheExpire":-1},"_version":"noV","responseID":1,"responseErr":null}
2012-11-30T00:32:46+01:00 INFO {"app":"billing","page":"get","ui":"rpc","fileType":"json","id":1,"callback":{"cacheExpire":-1},"_version":"noV","responseID":1,"responseErr":null}
2012-11-30T00:33:21+01:00 INFO {"app":"billing","page":"create","ui":"rpc","fileType":"json","id":1,"callback":{"cacheExpire":-1},"_version":"noV","responseID":1,"responseErr":null}
2012-11-30T00:33:22+01:00 INFO {"app":"billing","page":"get","ui":"rpc","fileType":"json","id":1,"callback":{"cacheExpire":-1},"_version":"noV","responseID":1,"responseErr":null}
2012-11-30T00:35:31+01:00 INFO {"app":"billing","page":"create","ui":"rpc","fileType":"json","id":1,"callback":{"cacheExpire":-1},"_version":"noV","responseID":1,"responseErr":null}
2012-11-30T00:35:31+01:00 INFO {"app":"billing","page":"get","ui":"rpc","fileType":"json","id":1,"callback":{"cacheExpire":-1},"_version":"noV","responseID":1,"responseErr":null}
2012-11-30T00:45:52+01:00 INFO {"app":"billing","page":"create","ui":"rpc","fileType":"json","id":1,"callback":{"cacheExpire":-1},"_version":"noV","responseID":1,"responseErr":null}
2012-11-30T00:45:53+01:00 INFO {"app":"billing","page":"get","ui":"rpc","fileType":"json","id":1,"callback":{"cacheExpire":-1},"_version":"noV","responseID":1,"responseErr":null}
2012-11-30T00:46:03+01:00 INFO {"app":"billing","page":"create","ui":"rpc","fileType":"json","id":1,"callback":{"cacheExpire":-1},"_version":"noV","responseID":1,"responseErr":null}
2012-11-30T00:46:04+01:00 INFO {"app":"billing","page":"get","ui":"rpc","fileType":"json","id":1,"callback":{"cacheExpire":-1},"_version":"noV","responseID":1,"responseErr":null}
2012-11-30T00:54:17+01:00 INFO {"app":"billing","page":"create","ui":"rpc","fileType":"json","id":1,"callback":{"cacheExpire":-1},"_version":"noV","responseID":1,"responseErr":null}
2012-11-30T00:59:33+01:00 INFO {"app":"billing","page":"create","ui":"rpc","fileType":"json","id":1,"callback":{"cacheExpire":-1},"_version":"noV","responseID":1,"responseErr":"E11000 duplicate key error index: finance.bills.$_id_  dup key: { : \"\" }"}
2012-11-30T01:00:20+01:00 INFO {"app":"billing","page":"create","ui":"rpc","fileType":"json","id":1,"callback":{"cacheExpire":-1},"_version":"noV","responseID":1,"responseErr":"E11000 duplicate key error index: finance.bills.$_id_  dup key: { : \"\" }"}
2012-11-30T01:01:01+01:00 INFO {"app":"billing","page":"create","ui":"rpc","fileType":"json","id":1,"callback":{"cacheExpire":-1},"_version":"noV","responseID":1,"responseErr":null}
2012-11-30T01:01:02+01:00 INFO {"app":"billing","page":"get","ui":"rpc","fileType":"json","id":1,"callback":{"cacheExpire":-1},"_version":"noV","responseID":1,"responseErr":null}
2012-11-30T01:01:03+01:00 INFO {"app":"billing","page":"update","ui":"rpc","fileType":"json","id":1,"callback":{"cacheExpire":-1},"_version":"noV","responseID":1,"responseErr":null}
2012-11-30T01:01:04+01:00 INFO {"app":"billing","page":"get","ui":"rpc","fileType":"json","id":1,"callback":{"cacheExpire":-1},"_version":"noV","responseID":1,"responseErr":null}
2012-11-30T01:05:29+01:00 INFO {"app":"billing","page":"create","ui":"rpc","fileType":"json","id":1,"callback":{"cacheExpire":-1},"_version":"noV","responseID":1,"responseErr":null}
2012-11-30T01:05:30+01:00 INFO {"app":"billing","page":"get","ui":"rpc","fileType":"json","id":1,"callback":{"cacheExpire":-1},"_version":"noV","responseID":1,"responseErr":null}
2012-11-30T01:06:03+01:00 INFO {"app":"billing","page":"create","ui":"rpc","fileType":"json","id":1,"callback":{"cacheExpire":-1},"_version":"noV","responseID":1,"responseErr":null}
2012-11-30T01:06:04+01:00 INFO {"app":"billing","page":"get","ui":"rpc","fileType":"json","id":1,"callback":{"cacheExpire":-1},"_version":"noV","responseID":1,"responseErr":null}
2012-11-30T01:07:18+01:00 INFO {"app":"billing","page":"create","ui":"rpc","fileType":"json","id":1,"callback":{"cacheExpire":-1},"_version":"noV","responseID":1,"responseErr":null}
2012-11-30T01:07:18+01:00 INFO {"app":"billing","page":"get","ui":"rpc","fileType":"json","id":1,"callback":{"cacheExpire":-1},"_version":"noV","responseID":1,"responseErr":null}
2012-11-30T01:10:16+01:00 INFO {"app":"billing","page":"create","ui":"rpc","fileType":"json","id":1,"callback":{"cacheExpire":-1},"_version":"noV","responseID":1,"responseErr":null}
2012-11-30T01:10:17+01:00 INFO {"app":"billing","page":"get","ui":"rpc","fileType":"json","id":1,"callback":{"cacheExpire":-1},"_version":"noV","responseID":1,"responseErr":null}
2012-11-30T01:10:27+01:00 INFO {"app":"billing","page":"create","ui":"rpc","fileType":"json","id":1,"callback":{"cacheExpire":-1},"_version":"noV","responseID":1,"responseErr":null}
2012-11-30T01:10:27+01:00 INFO {"app":"billing","page":"get","ui":"rpc","fileType":"json","id":1,"callback":{"cacheExpire":-1},"_version":"noV","responseID":1,"responseErr":null}
2012-11-30T01:11:42+01:00 INFO {"app":"billing","page":"create","ui":"rpc","fileType":"json","id":1,"callback":{"cacheExpire":-1},"_version":"noV","responseID":1,"responseErr":null}
2012-11-30T01:11:43+01:00 INFO {"app":"billing","page":"get","ui":"rpc","fileType":"json","id":1,"callback":{"cacheExpire":-1},"_version":"noV","responseID":1,"responseErr":null}
2012-11-30T01:12:29+01:00 INFO {"app":"billing","page":"create","ui":"rpc","fileType":"json","id":1,"callback":{"cacheExpire":-1},"_version":"noV","responseID":1,"responseErr":null}
2012-11-30T01:12:53+01:00 INFO {"app":"billing","page":"create","ui":"rpc","fileType":"json","id":1,"callback":{"cacheExpire":-1},"_version":"noV","responseID":1,"responseErr":null}
2012-11-30T01:12:53+01:00 INFO {"app":"billing","page":"get","ui":"rpc","fileType":"json","id":1,"callback":{"cacheExpire":-1},"_version":"noV","responseID":1,"responseErr":null}
2012-11-30T01:14:58+01:00 INFO {"app":"billing","page":"create","ui":"rpc","fileType":"json","id":1,"callback":{"cacheExpire":-1},"_version":"noV","responseID":1,"responseErr":null}
2012-11-30T01:14:58+01:00 INFO {"app":"billing","page":"get","ui":"rpc","fileType":"json","id":1,"callback":{"cacheExpire":-1},"_version":"noV","responseID":1,"responseErr":null}
2012-11-30T01:16:09+01:00 INFO {"app":"billing","page":"create","ui":"rpc","fileType":"json","id":1,"callback":{"cacheExpire":-1},"_version":"noV","responseID":1,"responseErr":null}
2012-11-30T01:17:52+01:00 INFO {"app":"billing","page":"create","ui":"rpc","fileType":"json","id":1,"callback":{"cacheExpire":-1},"_version":"noV","responseID":1,"responseErr":null}
2012-11-30T01:17:53+01:00 INFO {"app":"billing","page":"get","ui":"rpc","fileType":"json","id":1,"callback":{"cacheExpire":-1},"_version":"noV","responseID":1,"responseErr":null}
2012-11-30T01:18:52+01:00 INFO {"app":"billing","page":"","ui":"rpc","fileType":"json","id":0,"callback":{"cacheExpire":-1},"_version":"noV","responseID":0,"responseErr":"An error with following http code happened: 404 and masg:  doen't exist in billing"}
2012-11-30T01:18:52+01:00 INFO {"app":"billing","page":"","ui":"rpc","fileType":"json","id":0,"callback":{"cacheExpire":-1},"_version":"noV","responseID":0,"responseErr":"An error with following http code happened: 404 and masg:  doen't exist in billing"}
2012-11-30T01:20:44+01:00 INFO {"app":"billing","page":"create","ui":"rpc","fileType":"json","id":1,"callback":{"cacheExpire":-1},"_version":"noV","responseID":1,"responseErr":null}
2012-11-30T01:20:45+01:00 INFO {"app":"billing","page":"get","ui":"rpc","fileType":"json","id":1,"callback":{"cacheExpire":-1},"_version":"noV","responseID":1,"responseErr":null}
2012-11-30T01:23:13+01:00 INFO {"app":"billing","page":"create","ui":"rpc","fileType":"json","id":1,"callback":{"cacheExpire":-1},"_version":"noV","responseID":1,"responseErr":null}
2012-11-30T01:23:13+01:00 INFO {"app":"billing","page":"get","ui":"rpc","fileType":"json","id":1,"callback":{"cacheExpire":-1},"_version":"noV","responseID":1,"responseErr":null}
2012-11-30T01:24:07+01:00 INFO {"app":"billing","page":"create","ui":"rpc","fileType":"json","id":1,"callback":{"cacheExpire":-1},"_version":"noV","responseID":1,"responseErr":null}
2012-11-30T01:24:08+01:00 INFO {"app":"billing","page":"get","ui":"rpc","fileType":"json","id":1,"callback":{"cacheExpire":-1},"_version":"noV","responseID":1,"responseErr":null}
2012-11-30T01:28:03+01:00 INFO {"app":"billing","page":"create","ui":"rpc","fileType":"json","id":1,"callback":{"cacheExpire":-1},"_version":"noV","responseID":1,"responseErr":null}
2012-11-30T01:28:04+01:00 INFO {"app":"billing","page":"get","ui":"rpc","fileType":"json","id":1,"callback":{"cacheExpire":-1},"_version":"noV","responseID":1,"responseErr":null}
2012-11-30T01:28:10+01:00 INFO {"app":"billing","page":"create","ui":"rpc","fileType":"json","id":1,"callback":{"cacheExpire":-1},"_version":"noV","responseID":1,"responseErr":null}
2012-11-30T01:28:11+01:00 INFO {"app":"billing","page":"get","ui":"rpc","fileType":"json","id":1,"callback":{"cacheExpire":-1},"_version":"noV","responseID":1,"responseErr":null}
2012-11-30T01:29:06+01:00 INFO {"app":"billing","page":"create","ui":"rpc","fileType":"json","id":1,"callback":{"cacheExpire":-1},"_version":"noV","responseID":1,"responseErr":null}
2012-11-30T01:29:07+01:00 INFO {"app":"billing","page":"get","ui":"rpc","fileType":"json","id":1,"callback":{"cacheExpire":-1},"_version":"noV","responseID":1,"responseErr":null}
2012-11-30T01:29:52+01:00 INFO {"app":"billing","page":"create","ui":"rpc","fileType":"json","id":1,"callback":{"cacheExpire":-1},"_version":"noV","responseID":1,"responseErr":null}
2012-11-30T01:29:53+01:00 INFO {"app":"billing","page":"get","ui":"rpc","fileType":"json","id":1,"callback":{"cacheExpire":-1},"_version":"noV","responseID":1,"responseErr":null}
2012-11-30T01:30:44+01:00 INFO {"app":"billing","page":"create","ui":"rpc","fileType":"json","id":1,"callback":{"cacheExpire":-1},"_version":"noV","responseID":1,"responseErr":null}
2012-11-30T01:30:45+01:00 INFO {"app":"billing","page":"get","ui":"rpc","fileType":"json","id":1,"callback":{"cacheExpire":-1},"_version":"noV","responseID":1,"responseErr":null}
2012-11-30T01:30:52+01:00 INFO {"app":"billing","page":"create","ui":"rpc","fileType":"json","id":1,"callback":{"cacheExpire":-1},"_version":"noV","responseID":1,"responseErr":null}
2012-11-30T01:30:53+01:00 INFO {"app":"billing","page":"get","ui":"rpc","fileType":"json","id":1,"callback":{"cacheExpire":-1},"_version":"noV","responseID":1,"responseErr":null}
2012-11-30T01:30:54+01:00 INFO {"app":"billing","page":"update","ui":"rpc","fileType":"json","id":1,"callback":{"cacheExpire":-1},"_version":"noV","responseID":1,"responseErr":null}
2012-11-30T01:30:54+01:00 INFO {"app":"billing","page":"get","ui":"rpc","fileType":"json","id":1,"callback":{"cacheExpire":-1},"_version":"noV","responseID":1,"responseErr":null}
2012-11-30T01:31:09+01:00 INFO {"app":"billing","page":"create","ui":"rpc","fileType":"json","id":1,"callback":{"cacheExpire":-1},"_version":"noV","responseID":1,"responseErr":null}
2012-11-30T01:31:10+01:00 INFO {"app":"billing","page":"get","ui":"rpc","fileType":"json","id":1,"callback":{"cacheExpire":-1},"_version":"noV","responseID":1,"responseErr":null}
2012-11-30T01:31:11+01:00 INFO {"app":"billing","page":"update","ui":"rpc","fileType":"json","id":1,"callback":{"cacheExpire":-1},"_version":"noV","responseID":1,"responseErr":null}
2012-11-30T01:31:12+01:00 INFO {"app":"billing","page":"get","ui":"rpc","fileType":"json","id":1,"callback":{"cacheExpire":-1},"_version":"noV","responseID":1,"responseErr":null}
2012-11-30T07:50:03+01:00 INFO {"app":"billing","page":"create","ui":"rpc","fileType":"json","id":1,"callback":{"cacheExpire":-1},"_version":"noV","responseID":1,"responseErr":null}
2012-11-30T07:50:28+01:00 INFO {"app":"billing","page":"create","ui":"rpc","fileType":"json","id":1,"callback":{"cacheExpire":-1},"_version":"noV","responseID":1,"responseErr":null}
2012-11-30T07:50:29+01:00 INFO {"app":"billing","page":"get","ui":"rpc","fileType":"json","id":1,"callback":{"cacheExpire":-1},"_version":"noV","responseID":1,"responseErr":null}
2012-11-30T07:50:30+01:00 INFO {"app":"billing","page":"update","ui":"rpc","fileType":"json","id":1,"callback":{"cacheExpire":-1},"_version":"noV","responseID":1,"responseErr":null}
2012-11-30T07:50:30+01:00 INFO {"app":"billing","page":"get","ui":"rpc","fileType":"json","id":1,"callback":{"cacheExpire":-1},"_version":"noV","responseID":1,"responseErr":null}
2012-11-30T12:15:35+01:00 INFO {"app":"billing","page":"create","ui":"rpc","fileType":"json","id":1,"callback":{"cacheExpire":-1},"_version":"noV","responseID":1,"responseErr":null}
2012-11-30T12:15:36+01:00 INFO {"app":"billing","page":"get","ui":"rpc","fileType":"json","id":1,"callback":{"cacheExpire":-1},"_version":"noV","responseID":1,"responseErr":null}
2012-11-30T12:15:37+01:00 INFO {"app":"billing","page":"update","ui":"rpc","fileType":"json","id":1,"callback":{"cacheExpire":-1},"_version":"noV","responseID":1,"responseErr":null}
2012-11-30T12:15:38+01:00 INFO {"app":"billing","page":"get","ui":"rpc","fileType":"json","id":1,"callback":{"cacheExpire":-1},"_version":"noV","responseID":1,"responseErr":null}
2012-11-30T12:15:47+01:00 INFO {"app":"billing","page":"create","ui":"rpc","fileType":"json","id":1,"callback":{"cacheExpire":-1},"_version":"noV","responseID":1,"responseErr":null}
2012-11-30T12:15:47+01:00 INFO {"app":"billing","page":"get","ui":"rpc","fileType":"json","id":1,"callback":{"cacheExpire":-1},"_version":"noV","responseID":1,"responseErr":null}
2012-11-30T12:15:48+01:00 INFO {"app":"billing","page":"update","ui":"rpc","fileType":"json","id":1,"callback":{"cacheExpire":-1},"_version":"noV","responseID":1,"responseErr":null}
2012-11-30T12:15:49+01:00 INFO {"app":"billing","page":"get","ui":"rpc","fileType":"json","id":1,"callback":{"cacheExpire":-1},"_version":"noV","responseID":1,"responseErr":null}
2012-11-30T15:31:30+01:00 INFO {"app":"billing","page":"create","ui":"rpc","fileType":"json","id":1,"callback":{"cacheExpire":-1},"_version":"noV","responseID":1,"responseErr":null}
2012-11-30T15:31:32+01:00 INFO {"app":"billing","page":"get","ui":"rpc","fileType":"json","id":1,"callback":{"cacheExpire":-1},"_version":"noV","responseID":1,"responseErr":null}
2012-11-30T15:31:33+01:00 INFO {"app":"billing","page":"update","ui":"rpc","fileType":"json","id":1,"callback":{"cacheExpire":-1},"_version":"noV","responseID":1,"responseErr":null}
2012-11-30T15:31:33+01:00 INFO {"app":"billing","page":"get","ui":"rpc","fileType":"json","id":1,"callback":{"cacheExpire":-1},"_version":"noV","responseID":1,"responseErr":null}
2012-11-30T15:34:04+01:00 INFO {"app":"billing","page":"create","ui":"rpc","fileType":"json","id":1,"callback":{"cacheExpire":-1},"_version":"noV","responseID":1,"responseErr":null}
2012-11-30T15:34:04+01:00 INFO {"app":"billing","page":"get","ui":"rpc","fileType":"json","id":1,"callback":{"cacheExpire":-1},"_version":"noV","responseID":1,"responseErr":"Requested bill doesn't exist"}
2012-11-30T15:34:05+01:00 INFO {"app":"billing","page":"get","ui":"rpc","fileType":"json","id":1,"callback":{"cacheExpire":-1},"_version":"noV","responseID":1,"responseErr":null}
2012-11-30T15:34:06+01:00 INFO {"app":"billing","page":"update","ui":"rpc","fileType":"json","id":1,"callback":{"cacheExpire":-1},"_version":"noV","responseID":1,"responseErr":null}
2012-11-30T15:34:07+01:00 INFO {"app":"billing","page":"get","ui":"rpc","fileType":"json","id":1,"callback":{"cacheExpire":-1},"_version":"noV","responseID":1,"responseErr":null}
2012-11-30T15:34:57+01:00 INFO {"app":"billing","page":"create","ui":"rpc","fileType":"json","id":1,"callback":{"cacheExpire":-1},"_version":"noV","responseID":1,"responseErr":null}
2012-11-30T15:34:58+01:00 INFO {"app":"billing","page":"get","ui":"rpc","fileType":"json","id":1,"callback":{"cacheExpire":-1},"_version":"noV","responseID":1,"responseErr":"Requested bill doesn't exist"}
2012-11-30T15:34:59+01:00 INFO {"app":"billing","page":"get","ui":"rpc","fileType":"json","id":1,"callback":{"cacheExpire":-1},"_version":"noV","responseID":1,"responseErr":null}
2012-11-30T15:35:00+01:00 INFO {"app":"billing","page":"update","ui":"rpc","fileType":"json","id":1,"callback":{"cacheExpire":-1},"_version":"noV","responseID":1,"responseErr":null}
2012-11-30T15:35:01+01:00 INFO {"app":"billing","page":"get","ui":"rpc","fileType":"json","id":1,"callback":{"cacheExpire":-1},"_version":"noV","responseID":1,"responseErr":null}
2012-11-30T15:35:35+01:00 INFO {"app":"billing","page":"create","ui":"rpc","fileType":"json","id":1,"callback":{"cacheExpire":-1},"_version":"noV","responseID":1,"responseErr":null}
2012-11-30T15:35:36+01:00 INFO {"app":"billing","page":"get","ui":"rpc","fileType":"json","id":1,"callback":{"cacheExpire":-1},"_version":"noV","responseID":1,"responseErr":"Requested bill doesn't exist"}
2012-11-30T15:35:37+01:00 INFO {"app":"billing","page":"get","ui":"rpc","fileType":"json","id":1,"callback":{"cacheExpire":-1},"_version":"noV","responseID":1,"responseErr":null}
2012-11-30T15:35:37+01:00 INFO {"app":"billing","page":"update","ui":"rpc","fileType":"json","id":1,"callback":{"cacheExpire":-1},"_version":"noV","responseID":1,"responseErr":null}
2012-11-30T15:35:38+01:00 INFO {"app":"billing","page":"get","ui":"rpc","fileType":"json","id":1,"callback":{"cacheExpire":-1},"_version":"noV","responseID":1,"responseErr":null}
2012-11-30T16:06:52+01:00 INFO {"app":"billing","page":"create","ui":"rpc","fileType":"json","id":1,"callback":{"cacheExpire":-1},"_version":"noV","responseID":1,"responseErr":null}
2012-11-30T16:06:52+01:00 INFO {"app":"billing","page":"create","ui":"rpc","fileType":"json","id":1,"callback":{"cacheExpire":-1},"_version":"noV","responseID":1,"responseErr":null}
2012-11-30T16:06:53+01:00 INFO {"app":"billing","page":"create","ui":"rpc","fileType":"json","id":1,"callback":{"cacheExpire":-1},"_version":"noV","responseID":1,"responseErr":null}
2012-11-30T16:06:54+01:00 INFO {"app":"billing","page":"create","ui":"rpc","fileType":"json","id":1,"callback":{"cacheExpire":-1},"_version":"noV","responseID":1,"responseErr":null}
2012-11-30T16:06:55+01:00 INFO {"app":"billing","page":"get","ui":"rpc","fileType":"json","id":1,"callback":{"cacheExpire":-1},"_version":"noV","responseID":1,"responseErr":"Requested bill doesn't exist"}
2012-11-30T16:06:55+01:00 INFO {"app":"billing","page":"get","ui":"rpc","fileType":"json","id":1,"callback":{"cacheExpire":-1},"_version":"noV","responseID":1,"responseErr":"Requested bill doesn't exist"}
2012-11-30T16:07:35+01:00 INFO {"app":"billing","page":"create","ui":"rpc","fileType":"json","id":1,"callback":{"cacheExpire":-1},"_version":"noV","responseID":1,"responseErr":null}
2012-11-30T16:07:36+01:00 INFO {"app":"billing","page":"create","ui":"rpc","fileType":"json","id":1,"callback":{"cacheExpire":-1},"_version":"noV","responseID":1,"responseErr":null}
2012-11-30T16:07:37+01:00 INFO {"app":"billing","page":"create","ui":"rpc","fileType":"json","id":1,"callback":{"cacheExpire":-1},"_version":"noV","responseID":1,"responseErr":null}
2012-11-30T16:07:37+01:00 INFO {"app":"billing","page":"create","ui":"rpc","fileType":"json","id":1,"callback":{"cacheExpire":-1},"_version":"noV","responseID":1,"responseErr":null}
2012-11-30T16:07:38+01:00 INFO {"app":"billing","page":"get","ui":"rpc","fileType":"json","id":1,"callback":{"cacheExpire":-1},"_version":"noV","responseID":1,"responseErr":"Requested bill doesn't exist"}
2012-11-30T16:07:39+01:00 INFO {"app":"billing","page":"get","ui":"rpc","fileType":"json","id":1,"callback":{"cacheExpire":-1},"_version":"noV","responseID":1,"responseErr":null}
2012-11-30T16:07:40+01:00 INFO {"app":"billing","page":"update","ui":"rpc","fileType":"json","id":1,"callback":{"cacheExpire":-1},"_version":"noV","responseID":1,"responseErr":null}
2012-11-30T16:07:40+01:00 INFO {"app":"billing","page":"get","ui":"rpc","fileType":"json","id":1,"callback":{"cacheExpire":-1},"_version":"noV","responseID":1,"responseErr":null}
2012-11-30T16:13:43+01:00 INFO {"app":"billing","page":"create","ui":"rpc","fileType":"json","id":1,"callback":{"cacheExpire":-1},"_version":"noV","responseID":1,"responseErr":"Contact 50968e5d1a5f011d05000000 doesn' exist"}
2012-11-30T16:13:43+01:00 INFO {"app":"billing","page":"create","ui":"rpc","fileType":"json","id":1,"callback":{"cacheExpire":-1},"_version":"noV","responseID":1,"responseErr":"Contact 50968e5d1a5f011d05000000 doesn' exist"}
2012-11-30T16:13:44+01:00 INFO {"app":"billing","page":"create","ui":"rpc","fileType":"json","id":1,"callback":{"cacheExpire":-1},"_version":"noV","responseID":1,"responseErr":"Product 506951df1a5f015d44000001 doesn' exist"}
2012-11-30T16:13:45+01:00 INFO {"app":"billing","page":"create","ui":"rpc","fileType":"json","id":1,"callback":{"cacheExpire":-1},"_version":"noV","responseID":1,"responseErr":"Product sdf3333ertr42y5 doesn' exist"}
2012-11-30T16:13:46+01:00 INFO {"app":"billing","page":"get","ui":"rpc","fileType":"json","id":1,"callback":{"cacheExpire":-1},"_version":"noV","responseID":1,"responseErr":"Requested bill doesn't exist"}
2012-11-30T16:13:46+01:00 INFO {"app":"billing","page":"get","ui":"rpc","fileType":"json","id":1,"callback":{"cacheExpire":-1},"_version":"noV","responseID":1,"responseErr":"Requested bill doesn't exist"}
2012-11-30T16:14:31+01:00 INFO {"app":"billing","page":"create","ui":"rpc","fileType":"json","id":1,"callback":{"cacheExpire":-1},"_version":"noV","responseID":1,"responseErr":null}
2012-11-30T16:14:32+01:00 INFO {"app":"billing","page":"create","ui":"rpc","fileType":"json","id":1,"callback":{"cacheExpire":-1},"_version":"noV","responseID":1,"responseErr":"Quantity must be more than 0, value: -4"}
2012-11-30T16:14:33+01:00 INFO {"app":"billing","page":"create","ui":"rpc","fileType":"json","id":1,"callback":{"cacheExpire":-1},"_version":"noV","responseID":1,"responseErr":"Contact blahBlahBlah doesn' exist"}
2012-11-30T16:14:34+01:00 INFO {"app":"billing","page":"create","ui":"rpc","fileType":"json","id":1,"callback":{"cacheExpire":-1},"_version":"noV","responseID":1,"responseErr":"Contact blahBlahBlah doesn' exist"}
2012-11-30T16:14:34+01:00 INFO {"app":"billing","page":"get","ui":"rpc","fileType":"json","id":1,"callback":{"cacheExpire":-1},"_version":"noV","responseID":1,"responseErr":"Requested bill doesn't exist"}
2012-11-30T16:14:35+01:00 INFO {"app":"billing","page":"get","ui":"rpc","fileType":"json","id":1,"callback":{"cacheExpire":-1},"_version":"noV","responseID":1,"responseErr":null}
2012-11-30T16:14:36+01:00 INFO {"app":"billing","page":"update","ui":"rpc","fileType":"json","id":1,"callback":{"cacheExpire":-1},"_version":"noV","responseID":1,"responseErr":null}
2012-11-30T16:14:37+01:00 INFO {"app":"billing","page":"get","ui":"rpc","fileType":"json","id":1,"callback":{"cacheExpire":-1},"_version":"noV","responseID":1,"responseErr":null}
2012-11-30T16:17:36+01:00 INFO {"app":"billing","page":"create","ui":"rpc","fileType":"json","id":1,"callback":{"cacheExpire":-1},"_version":"noV","responseID":1,"responseErr":null}
2012-11-30T16:17:36+01:00 INFO {"app":"billing","page":"create","ui":"rpc","fileType":"json","id":1,"callback":{"cacheExpire":-1},"_version":"noV","responseID":1,"responseErr":"Quantity must be more than 0, value: -4"}
2012-11-30T16:17:37+01:00 INFO {"app":"billing","page":"create","ui":"rpc","fileType":"json","id":1,"callback":{"cacheExpire":-1},"_version":"noV","responseID":1,"responseErr":"Contact blahBlahBlah doesn' exist"}
2012-11-30T16:17:38+01:00 INFO {"app":"billing","page":"create","ui":"rpc","fileType":"json","id":1,"callback":{"cacheExpire":-1},"_version":"noV","responseID":1,"responseErr":"Contact blahBlahBlah doesn' exist"}
2012-11-30T16:17:39+01:00 INFO {"app":"billing","page":"get","ui":"rpc","fileType":"json","id":1,"callback":{"cacheExpire":-1},"_version":"noV","responseID":1,"responseErr":"Requested bill doesn't exist"}
2012-11-30T16:17:39+01:00 INFO {"app":"billing","page":"get","ui":"rpc","fileType":"json","id":1,"callback":{"cacheExpire":-1},"_version":"noV","responseID":1,"responseErr":null}
2012-11-30T16:17:40+01:00 INFO {"app":"billing","page":"update","ui":"rpc","fileType":"json","id":1,"callback":{"cacheExpire":-1},"_version":"noV","responseID":1,"responseErr":null}
2012-11-30T16:17:41+01:00 INFO {"app":"billing","page":"get","ui":"rpc","fileType":"json","id":1,"callback":{"cacheExpire":-1},"_version":"noV","responseID":1,"responseErr":null}
2012-11-30T16:19:07+01:00 INFO {"app":"billing","page":"create","ui":"rpc","fileType":"json","id":1,"callback":{"cacheExpire":-1},"_version":"noV","responseID":1,"responseErr":null}
2012-11-30T16:19:07+01:00 INFO {"app":"billing","page":"create","ui":"rpc","fileType":"json","id":1,"callback":{"cacheExpire":-1},"_version":"noV","responseID":1,"responseErr":"Quantity must be more than 0, value: -4"}
2012-11-30T16:19:08+01:00 INFO {"app":"billing","page":"create","ui":"rpc","fileType":"json","id":1,"callback":{"cacheExpire":-1},"_version":"noV","responseID":1,"responseErr":"Contact blahBlahBlah doesn' exist"}
2012-11-30T16:19:09+01:00 INFO {"app":"billing","page":"create","ui":"rpc","fileType":"json","id":1,"callback":{"cacheExpire":-1},"_version":"noV","responseID":1,"responseErr":"Contact blahBlahBlah doesn' exist"}
2012-11-30T16:19:09+01:00 INFO {"app":"billing","page":"get","ui":"rpc","fileType":"json","id":1,"callback":{"cacheExpire":-1},"_version":"noV","responseID":1,"responseErr":"Requested bill doesn't exist"}
2012-11-30T16:19:10+01:00 INFO {"app":"billing","page":"get","ui":"rpc","fileType":"json","id":1,"callback":{"cacheExpire":-1},"_version":"noV","responseID":1,"responseErr":null}
2012-11-30T16:19:11+01:00 INFO {"app":"billing","page":"update","ui":"rpc","fileType":"json","id":1,"callback":{"cacheExpire":-1},"_version":"noV","responseID":1,"responseErr":null}
2012-11-30T16:19:12+01:00 INFO {"app":"billing","page":"get","ui":"rpc","fileType":"json","id":1,"callback":{"cacheExpire":-1},"_version":"noV","responseID":1,"responseErr":null}
2012-11-30T16:19:39+01:00 INFO {"app":"billing","page":"create","ui":"rpc","fileType":"json","id":1,"callback":{"cacheExpire":-1},"_version":"noV","responseID":1,"responseErr":null}
2012-11-30T16:21:41+01:00 INFO {"app":"billing","page":"create","ui":"rpc","fileType":"json","id":1,"callback":{"cacheExpire":-1},"_version":"noV","responseID":1,"responseErr":null}
2012-11-30T16:21:42+01:00 INFO {"app":"billing","page":"create","ui":"rpc","fileType":"json","id":1,"callback":{"cacheExpire":-1},"_version":"noV","responseID":1,"responseErr":"Quantity must be more than 0, value: -4"}
2012-11-30T16:21:43+01:00 INFO {"app":"billing","page":"create","ui":"rpc","fileType":"json","id":1,"callback":{"cacheExpire":-1},"_version":"noV","responseID":1,"responseErr":"Contact blahBlahBlah doesn' exist"}
2012-11-30T16:21:43+01:00 INFO {"app":"billing","page":"create","ui":"rpc","fileType":"json","id":1,"callback":{"cacheExpire":-1},"_version":"noV","responseID":1,"responseErr":"Quantity must be more than 0, value: -4"}
2012-11-30T16:21:44+01:00 INFO {"app":"billing","page":"get","ui":"rpc","fileType":"json","id":1,"callback":{"cacheExpire":-1},"_version":"noV","responseID":1,"responseErr":"Requested bill doesn't exist"}
2012-11-30T16:21:45+01:00 INFO {"app":"billing","page":"get","ui":"rpc","fileType":"json","id":1,"callback":{"cacheExpire":-1},"_version":"noV","responseID":1,"responseErr":null}
2012-11-30T16:21:46+01:00 INFO {"app":"billing","page":"update","ui":"rpc","fileType":"json","id":1,"callback":{"cacheExpire":-1},"_version":"noV","responseID":1,"responseErr":null}
2012-11-30T16:21:46+01:00 INFO {"app":"billing","page":"get","ui":"rpc","fileType":"json","id":1,"callback":{"cacheExpire":-1},"_version":"noV","responseID":1,"responseErr":null}
2012-11-30T16:22:29+01:00 INFO {"app":"billing","page":"create","ui":"rpc","fileType":"json","id":1,"callback":{"cacheExpire":-1},"_version":"noV","responseID":1,"responseErr":null}
2012-11-30T16:22:30+01:00 INFO {"app":"billing","page":"get","ui":"rpc","fileType":"json","id":1,"callback":{"cacheExpire":-1},"_version":"noV","responseID":1,"responseErr":null}
2012-11-30T16:22:31+01:00 INFO {"app":"billing","page":"create","ui":"rpc","fileType":"json","id":1,"callback":{"cacheExpire":-1},"_version":"noV","responseID":1,"responseErr":"Quantity must be more than 0, value: -4"}
2012-11-30T16:22:32+01:00 INFO {"app":"billing","page":"create","ui":"rpc","fileType":"json","id":1,"callback":{"cacheExpire":-1},"_version":"noV","responseID":1,"responseErr":"Contact blahBlahBlah doesn' exist"}
2012-11-30T16:22:32+01:00 INFO {"app":"billing","page":"create","ui":"rpc","fileType":"json","id":1,"callback":{"cacheExpire":-1},"_version":"noV","responseID":1,"responseErr":"Quantity must be more than 0, value: -4"}
2012-11-30T16:22:33+01:00 INFO {"app":"billing","page":"get","ui":"rpc","fileType":"json","id":1,"callback":{"cacheExpire":-1},"_version":"noV","responseID":1,"responseErr":"Requested bill doesn't exist"}
2012-11-30T16:22:34+01:00 INFO {"app":"billing","page":"update","ui":"rpc","fileType":"json","id":1,"callback":{"cacheExpire":-1},"_version":"noV","responseID":1,"responseErr":null}
2012-11-30T16:22:34+01:00 INFO {"app":"billing","page":"get","ui":"rpc","fileType":"json","id":1,"callback":{"cacheExpire":-1},"_version":"noV","responseID":1,"responseErr":null}
2012-11-30T16:24:06+01:00 INFO {"app":"billing","page":"create","ui":"rpc","fileType":"json","id":1,"callback":{"cacheExpire":-1},"_version":"noV","responseID":1,"responseErr":null}
2012-11-30T16:24:07+01:00 INFO {"app":"billing","page":"get","ui":"rpc","fileType":"json","id":1,"callback":{"cacheExpire":-1},"_version":"noV","responseID":1,"responseErr":null}
2012-11-30T16:24:08+01:00 INFO {"app":"billing","page":"create","ui":"rpc","fileType":"json","id":1,"callback":{"cacheExpire":-1},"_version":"noV","responseID":1,"responseErr":"Quantity must be more than 0, value: -4"}
2012-11-30T16:24:08+01:00 INFO {"app":"billing","page":"create","ui":"rpc","fileType":"json","id":1,"callback":{"cacheExpire":-1},"_version":"noV","responseID":1,"responseErr":"Contact blahBlahBlah doesn' exist"}
2012-11-30T16:24:09+01:00 INFO {"app":"billing","page":"create","ui":"rpc","fileType":"json","id":1,"callback":{"cacheExpire":-1},"_version":"noV","responseID":1,"responseErr":"Product not found"}
2012-11-30T16:24:10+01:00 INFO {"app":"billing","page":"get","ui":"rpc","fileType":"json","id":1,"callback":{"cacheExpire":-1},"_version":"noV","responseID":1,"responseErr":"Requested bill doesn't exist"}
2012-11-30T16:24:11+01:00 INFO {"app":"billing","page":"update","ui":"rpc","fileType":"json","id":1,"callback":{"cacheExpire":-1},"_version":"noV","responseID":1,"responseErr":null}
2012-11-30T16:24:11+01:00 INFO {"app":"billing","page":"get","ui":"rpc","fileType":"json","id":1,"callback":{"cacheExpire":-1},"_version":"noV","responseID":1,"responseErr":null}
2012-11-30T16:24:27+01:00 INFO {"app":"billing","page":"create","ui":"rpc","fileType":"json","id":1,"callback":{"cacheExpire":-1},"_version":"noV","responseID":1,"responseErr":null}
2012-11-30T16:24:28+01:00 INFO {"app":"billing","page":"get","ui":"rpc","fileType":"json","id":1,"callback":{"cacheExpire":-1},"_version":"noV","responseID":1,"responseErr":null}
2012-11-30T16:24:28+01:00 INFO {"app":"billing","page":"create","ui":"rpc","fileType":"json","id":1,"callback":{"cacheExpire":-1},"_version":"noV","responseID":1,"responseErr":"Quantity must be more than 0, value: -4"}
2012-11-30T16:24:29+01:00 INFO {"app":"billing","page":"create","ui":"rpc","fileType":"json","id":1,"callback":{"cacheExpire":-1},"_version":"noV","responseID":1,"responseErr":"Contact blahBlahBlah doesn' exist"}
2012-11-30T16:24:30+01:00 INFO {"app":"billing","page":"create","ui":"rpc","fileType":"json","id":1,"callback":{"cacheExpire":-1},"_version":"noV","responseID":1,"responseErr":"Product \"sdf3333ertr42y5\" not found"}
2012-11-30T16:24:30+01:00 INFO {"app":"billing","page":"get","ui":"rpc","fileType":"json","id":1,"callback":{"cacheExpire":-1},"_version":"noV","responseID":1,"responseErr":"Requested bill doesn't exist"}
2012-11-30T16:24:31+01:00 INFO {"app":"billing","page":"update","ui":"rpc","fileType":"json","id":1,"callback":{"cacheExpire":-1},"_version":"noV","responseID":1,"responseErr":null}
2012-11-30T16:24:32+01:00 INFO {"app":"billing","page":"get","ui":"rpc","fileType":"json","id":1,"callback":{"cacheExpire":-1},"_version":"noV","responseID":1,"responseErr":null}
2012-11-30T16:38:39+01:00 INFO {"app":"billing","page":"create","ui":"rpc","fileType":"json","id":1,"callback":{"cacheExpire":-1},"_version":"noV","responseID":1,"responseErr":null}
2012-11-30T16:38:39+01:00 INFO {"app":"billing","page":"get","ui":"rpc","fileType":"json","id":1,"callback":{"cacheExpire":-1},"_version":"noV","responseID":1,"responseErr":null}
2012-11-30T16:38:40+01:00 INFO {"app":"billing","page":"create","ui":"rpc","fileType":"json","id":1,"callback":{"cacheExpire":-1},"_version":"noV","responseID":1,"responseErr":"Quantity must be more than 0, value: -4"}
2012-11-30T16:38:41+01:00 INFO {"app":"billing","page":"create","ui":"rpc","fileType":"json","id":1,"callback":{"cacheExpire":-1},"_version":"noV","responseID":1,"responseErr":"Contact blahBlahBlah doesn' exist"}
2012-11-30T16:38:42+01:00 INFO {"app":"billing","page":"get","ui":"rpc","fileType":"json","id":1,"callback":{"cacheExpire":-1},"_version":"noV","responseID":1,"responseErr":"Requested bill doesn't exist"}
2012-11-30T16:38:43+01:00 INFO {"app":"billing","page":"update","ui":"rpc","fileType":"json","id":1,"callback":{"cacheExpire":-1},"_version":"noV","responseID":1,"responseErr":null}
2012-11-30T16:38:44+01:00 INFO {"app":"billing","page":"get","ui":"rpc","fileType":"json","id":1,"callback":{"cacheExpire":-1},"_version":"noV","responseID":1,"responseErr":null}
2012-11-30T16:39:43+01:00 INFO {"app":"billing","page":"create","ui":"rpc","fileType":"json","id":1,"callback":{"cacheExpire":-1},"_version":"noV","responseID":1,"responseErr":null}
2012-11-30T16:39:44+01:00 INFO {"app":"billing","page":"get","ui":"rpc","fileType":"json","id":1,"callback":{"cacheExpire":-1},"_version":"noV","responseID":1,"responseErr":null}
2012-11-30T16:39:45+01:00 INFO {"app":"billing","page":"create","ui":"rpc","fileType":"json","id":1,"callback":{"cacheExpire":-1},"_version":"noV","responseID":1,"responseErr":"Quantity must be more than 0, value: -4"}
2012-11-30T16:39:45+01:00 INFO {"app":"billing","page":"create","ui":"rpc","fileType":"json","id":1,"callback":{"cacheExpire":-1},"_version":"noV","responseID":1,"responseErr":"Contact blahBlahBlah doesn' exist"}
2012-11-30T16:39:47+01:00 INFO {"app":"billing","page":"get","ui":"rpc","fileType":"json","id":1,"callback":{"cacheExpire":-1},"_version":"noV","responseID":1,"responseErr":"Requested bill doesn't exist"}
2012-11-30T16:39:47+01:00 INFO {"app":"billing","page":"update","ui":"rpc","fileType":"json","id":1,"callback":{"cacheExpire":-1},"_version":"noV","responseID":1,"responseErr":null}
2012-11-30T16:39:48+01:00 INFO {"app":"billing","page":"get","ui":"rpc","fileType":"json","id":1,"callback":{"cacheExpire":-1},"_version":"noV","responseID":1,"responseErr":null}
2012-11-30T16:41:50+01:00 INFO {"app":"billing","page":"create","ui":"rpc","fileType":"json","id":1,"callback":{"cacheExpire":-1},"_version":"noV","responseID":1,"responseErr":null}
2012-11-30T16:41:51+01:00 INFO {"app":"billing","page":"get","ui":"rpc","fileType":"json","id":1,"callback":{"cacheExpire":-1},"_version":"noV","responseID":1,"responseErr":null}
2012-11-30T16:41:52+01:00 INFO {"app":"billing","page":"create","ui":"rpc","fileType":"json","id":1,"callback":{"cacheExpire":-1},"_version":"noV","responseID":1,"responseErr":"Quantity must be more than 0, value: -4"}
2012-11-30T16:41:52+01:00 INFO {"app":"billing","page":"create","ui":"rpc","fileType":"json","id":1,"callback":{"cacheExpire":-1},"_version":"noV","responseID":1,"responseErr":"Contact blahBlahBlah doesn' exist"}
2012-11-30T16:41:53+01:00 INFO {"app":"billing","page":"create","ui":"rpc","fileType":"json","id":1,"callback":{"cacheExpire":-1},"_version":"noV","responseID":1,"responseErr":"Product \"sdf3333ertr42y5\" not found"}
2012-11-30T16:41:54+01:00 INFO {"app":"billing","page":"get","ui":"rpc","fileType":"json","id":1,"callback":{"cacheExpire":-1},"_version":"noV","responseID":1,"responseErr":"Requested bill doesn't exist"}
2012-11-30T16:41:54+01:00 INFO {"app":"billing","page":"update","ui":"rpc","fileType":"json","id":1,"callback":{"cacheExpire":-1},"_version":"noV","responseID":1,"responseErr":null}
2012-11-30T16:41:55+01:00 INFO {"app":"billing","page":"get","ui":"rpc","fileType":"json","id":1,"callback":{"cacheExpire":-1},"_version":"noV","responseID":1,"responseErr":null}
2012-11-30T16:43:06+01:00 INFO {"app":"billing","page":"create","ui":"rpc","fileType":"json","id":1,"callback":{"cacheExpire":-1},"_version":"noV","responseID":1,"responseErr":null}
2012-11-30T16:43:06+01:00 INFO {"app":"billing","page":"get","ui":"rpc","fileType":"json","id":1,"callback":{"cacheExpire":-1},"_version":"noV","responseID":1,"responseErr":null}
2012-11-30T16:43:09+01:00 INFO {"app":"billing","page":"create","ui":"rpc","fileType":"json","id":1,"callback":{"cacheExpire":-1},"_version":"noV","responseID":1,"responseErr":"Product \"sdf3333ertr42y5\" not found"}
2012-11-30T16:43:10+01:00 INFO {"app":"billing","page":"update","ui":"rpc","fileType":"json","id":1,"callback":{"cacheExpire":-1},"_version":"noV","responseID":1,"responseErr":null}
2012-11-30T16:43:11+01:00 INFO {"app":"billing","page":"get","ui":"rpc","fileType":"json","id":1,"callback":{"cacheExpire":-1},"_version":"noV","responseID":1,"responseErr":null}
2012-11-30T16:44:51+01:00 INFO {"app":"billing","page":"create","ui":"rpc","fileType":"json","id":1,"callback":{"cacheExpire":-1},"_version":"noV","responseID":1,"responseErr":null}
2012-11-30T16:44:52+01:00 INFO {"app":"billing","page":"get","ui":"rpc","fileType":"json","id":1,"callback":{"cacheExpire":-1},"_version":"noV","responseID":1,"responseErr":null}
2012-11-30T16:44:53+01:00 INFO {"app":"billing","page":"create","ui":"rpc","fileType":"json","id":1,"callback":{"cacheExpire":-1},"_version":"noV","responseID":1,"responseErr":"Quantity must be more than 0, value: -4"}
2012-11-30T16:44:55+01:00 INFO {"app":"billing","page":"create","ui":"rpc","fileType":"json","id":1,"callback":{"cacheExpire":-1},"_version":"noV","responseID":1,"responseErr":"Product \"sdf3333ertr42y5\" not found"}
2012-11-30T16:44:56+01:00 INFO {"app":"billing","page":"update","ui":"rpc","fileType":"json","id":1,"callback":{"cacheExpire":-1},"_version":"noV","responseID":1,"responseErr":null}
2012-11-30T16:44:57+01:00 INFO {"app":"billing","page":"get","ui":"rpc","fileType":"json","id":1,"callback":{"cacheExpire":-1},"_version":"noV","responseID":1,"responseErr":null}
2012-11-30T16:45:20+01:00 INFO {"app":"billing","page":"create","ui":"rpc","fileType":"json","id":1,"callback":{"cacheExpire":-1},"_version":"noV","responseID":1,"responseErr":null}
2012-11-30T16:45:21+01:00 INFO {"app":"billing","page":"get","ui":"rpc","fileType":"json","id":1,"callback":{"cacheExpire":-1},"_version":"noV","responseID":1,"responseErr":null}
2012-11-30T16:45:22+01:00 INFO {"app":"billing","page":"create","ui":"rpc","fileType":"json","id":1,"callback":{"cacheExpire":-1},"_version":"noV","responseID":1,"responseErr":"Quantity must be more than 0, value: -4"}
2012-11-30T16:45:23+01:00 INFO {"app":"billing","page":"create","ui":"rpc","fileType":"json","id":1,"callback":{"cacheExpire":-1},"_version":"noV","responseID":1,"responseErr":"Contact blahBlahBlah doesn' exist"}
2012-11-30T16:45:24+01:00 INFO {"app":"billing","page":"create","ui":"rpc","fileType":"json","id":1,"callback":{"cacheExpire":-1},"_version":"noV","responseID":1,"responseErr":"Product \"sdf3333ertr42y5\" not found"}
2012-11-30T16:45:25+01:00 INFO {"app":"billing","page":"update","ui":"rpc","fileType":"json","id":1,"callback":{"cacheExpire":-1},"_version":"noV","responseID":1,"responseErr":null}
2012-11-30T16:45:28+01:00 INFO {"app":"billing","page":"get","ui":"rpc","fileType":"json","id":1,"callback":{"cacheExpire":-1},"_version":"noV","responseID":1,"responseErr":null}
2012-11-30T16:46:26+01:00 INFO {"app":"billing","page":"create","ui":"rpc","fileType":"json","id":1,"callback":{"cacheExpire":-1},"_version":"noV","responseID":1,"responseErr":null}
2012-11-30T16:46:27+01:00 INFO {"app":"billing","page":"get","ui":"rpc","fileType":"json","id":1,"callback":{"cacheExpire":-1},"_version":"noV","responseID":1,"responseErr":null}
2012-11-30T16:46:28+01:00 INFO {"app":"billing","page":"create","ui":"rpc","fileType":"json","id":1,"callback":{"cacheExpire":-1},"_version":"noV","responseID":1,"responseErr":"Quantity must be more than 0, value: -4"}
2012-11-30T16:46:29+01:00 INFO {"app":"billing","page":"create","ui":"rpc","fileType":"json","id":1,"callback":{"cacheExpire":-1},"_version":"noV","responseID":1,"responseErr":"Contact blahBlahBlah doesn' exist"}
2012-11-30T16:46:29+01:00 INFO {"app":"billing","page":"create","ui":"rpc","fileType":"json","id":1,"callback":{"cacheExpire":-1},"_version":"noV","responseID":1,"responseErr":"Product \"sdf3333ertr42y5\" not found"}
2012-11-30T16:46:30+01:00 INFO {"app":"billing","page":"get","ui":"rpc","fileType":"json","id":1,"callback":{"cacheExpire":-1},"_version":"noV","responseID":1,"responseErr":"Requested bill doesn't exist"}
2012-11-30T16:46:31+01:00 INFO {"app":"billing","page":"update","ui":"rpc","fileType":"json","id":1,"callback":{"cacheExpire":-1},"_version":"noV","responseID":1,"responseErr":null}
2012-11-30T16:46:31+01:00 INFO {"app":"billing","page":"get","ui":"rpc","fileType":"json","id":1,"callback":{"cacheExpire":-1},"_version":"noV","responseID":1,"responseErr":null}
2012-12-01T18:54:04+01:00 INFO {"app":"accounting","page":"add","ui":"rpc","fileType":"json","id":1,"callback":{"cacheExpire":-1},"_version":"noV","responseID":1,"responseErr":"An error with following http code happened: 404 and masg: add doen't exist in accounting"}
2012-12-01T21:37:48+01:00 INFO {"app":"accounting","page":"create","ui":"rpc","fileType":"json","id":1,"callback":{"cacheExpire":-1},"_version":"noV","responseID":1,"responseErr":"Account type \"\" is not valid"}
2012-12-01T21:41:06+01:00 INFO {"app":"accounting","page":"create","ui":"rpc","fileType":"json","id":1,"callback":{"cacheExpire":-1},"_version":"noV","responseID":1,"responseErr":"Account type \"\" is not valid"}
2012-12-01T21:42:15+01:00 INFO {"app":"accounting","page":"create","ui":"rpc","fileType":"json","id":1,"callback":{"cacheExpire":-1},"_version":"noV","responseID":1,"responseErr":null}
2012-12-01T21:45:30+01:00 INFO {"app":"accounting","page":"get","ui":"rpc","fileType":"json","id":1,"callback":{"cacheExpire":-1},"_version":"noV","responseID":1,"responseErr":"An error with following http code happened: 404 and masg: get doen't exist in accounting"}
2012-12-01T21:48:58+01:00 INFO {"app":"accounting","page":"create","ui":"rpc","fileType":"json","id":1,"callback":{"cacheExpire":-1},"_version":"noV","responseID":1,"responseErr":"Following account is already in use: 1234"}
2012-12-01T21:48:59+01:00 INFO {"app":"accounting","page":"get","ui":"rpc","fileType":"json","id":1,"callback":{"cacheExpire":-1},"_version":"noV","responseID":1,"responseErr":"An error with following http code happened: 404 and masg: get doen't exist in accounting"}
2012-12-01T21:51:12+01:00 INFO {"app":"accounting","page":"create","ui":"rpc","fileType":"json","id":1,"callback":{"cacheExpire":-1},"_version":"noV","responseID":1,"responseErr":"Following account is already in use: 1234"}
2012-12-01T21:51:13+01:00 INFO {"app":"accounting","page":"create","ui":"rpc","fileType":"json","id":1,"callback":{"cacheExpire":-1},"_version":"noV","responseID":1,"responseErr":"Following account is already in use: 1234"}
2012-12-01T21:51:16+01:00 INFO {"app":"accounting","page":"get","ui":"rpc","fileType":"json","id":1,"callback":{"cacheExpire":-1},"_version":"noV","responseID":1,"responseErr":"An error with following http code happened: 404 and masg: get doen't exist in accounting"}
2012-12-01T21:52:06+01:00 INFO {"app":"accounting","page":"create","ui":"rpc","fileType":"json","id":1,"callback":{"cacheExpire":-1},"_version":"noV","responseID":1,"responseErr":"Following account is already in use: 1234"}
2012-12-01T21:52:07+01:00 INFO {"app":"accounting","page":"create","ui":"rpc","fileType":"json","id":1,"callback":{"cacheExpire":-1},"_version":"noV","responseID":1,"responseErr":"Following account is already in use: 1234"}
2012-12-01T21:52:07+01:00 INFO {"app":"accounting","page":"get","ui":"rpc","fileType":"json","id":1,"callback":{"cacheExpire":-1},"_version":"noV","responseID":1,"responseErr":null}
2012-12-01T21:52:29+01:00 INFO {"app":"accounting","page":"create","ui":"rpc","fileType":"json","id":1,"callback":{"cacheExpire":-1},"_version":"noV","responseID":1,"responseErr":"Following account is already in use: 1234"}
2012-12-01T21:52:29+01:00 INFO {"app":"accounting","page":"create","ui":"rpc","fileType":"json","id":1,"callback":{"cacheExpire":-1},"_version":"noV","responseID":1,"responseErr":"Following account is already in use: 1234"}
2012-12-01T21:53:00+01:00 INFO {"app":"accounting","page":"create","ui":"rpc","fileType":"json","id":1,"callback":{"cacheExpire":-1},"_version":"noV","responseID":1,"responseErr":"Following account is already in use: 1234"}
2012-12-01T21:53:00+01:00 INFO {"app":"accounting","page":"create","ui":"rpc","fileType":"json","id":1,"callback":{"cacheExpire":-1},"_version":"noV","responseID":1,"responseErr":"Following account is already in use: 1234"}
2012-12-01T21:53:07+01:00 INFO {"app":"accounting","page":"create","ui":"rpc","fileType":"json","id":1,"callback":{"cacheExpire":-1},"_version":"noV","responseID":1,"responseErr":"Following account is already in use: 1234"}
2012-12-01T21:53:08+01:00 INFO {"app":"accounting","page":"create","ui":"rpc","fileType":"json","id":1,"callback":{"cacheExpire":-1},"_version":"noV","responseID":1,"responseErr":"Following account is already in use: 1234"}
2012-12-01T21:53:09+01:00 INFO {"app":"accounting","page":"get","ui":"rpc","fileType":"json","id":1,"callback":{"cacheExpire":-1},"_version":"noV","responseID":1,"responseErr":null}
2012-12-01T22:13:37+01:00 INFO {"app":"accounting","page":"create","ui":"rpc","fileType":"json","id":1,"callback":{"cacheExpire":-1},"_version":"noV","responseID":1,"responseErr":"Following account is already in use: 1234"}
2012-12-01T22:13:38+01:00 INFO {"app":"accounting","page":"create","ui":"rpc","fileType":"json","id":1,"callback":{"cacheExpire":-1},"_version":"noV","responseID":1,"responseErr":"Following account is already in use: 1234"}
2012-12-01T22:13:39+01:00 INFO {"app":"accounting","page":"get","ui":"rpc","fileType":"json","id":1,"callback":{"cacheExpire":-1},"_version":"noV","responseID":1,"responseErr":null}
2012-12-01T22:14:21+01:00 INFO {"app":"accounting","page":"create","ui":"rpc","fileType":"json","id":1,"callback":{"cacheExpire":-1},"_version":"noV","responseID":1,"responseErr":"Following account is already in use: 1234"}
2012-12-01T22:14:22+01:00 INFO {"app":"accounting","page":"create","ui":"rpc","fileType":"json","id":1,"callback":{"cacheExpire":-1},"_version":"noV","responseID":1,"responseErr":"Following account is already in use: 1234"}
2012-12-01T22:14:22+01:00 INFO {"app":"accounting","page":"get","ui":"rpc","fileType":"json","id":1,"callback":{"cacheExpire":-1},"_version":"noV","responseID":1,"responseErr":null}
2012-12-01T22:16:10+01:00 INFO {"app":"accounting","page":"create","ui":"rpc","fileType":"json","id":1,"callback":{"cacheExpire":-1},"_version":"noV","responseID":1,"responseErr":"Following account is already in use: 1234"}
2012-12-01T22:16:10+01:00 INFO {"app":"accounting","page":"create","ui":"rpc","fileType":"json","id":1,"callback":{"cacheExpire":-1},"_version":"noV","responseID":1,"responseErr":"Following account is already in use: 1234"}
2012-12-01T22:16:11+01:00 INFO {"app":"accounting","page":"get","ui":"rpc","fileType":"json","id":1,"callback":{"cacheExpire":-1},"_version":"noV","responseID":1,"responseErr":null}
2012-12-01T22:38:27+01:00 INFO {"app":"accounting","page":"create","ui":"rpc","fileType":"json","id":1,"callback":{"cacheExpire":-1},"_version":"noV","responseID":1,"responseErr":"Following account is already in use: 1234"}
2012-12-01T22:38:27+01:00 INFO {"app":"accounting","page":"create","ui":"rpc","fileType":"json","id":1,"callback":{"cacheExpire":-1},"_version":"noV","responseID":1,"responseErr":"Following account is already in use: 1234"}
2012-12-01T22:38:28+01:00 INFO {"app":"accounting","page":"get","ui":"rpc","fileType":"json","id":1,"callback":{"cacheExpire":-1},"_version":"noV","responseID":1,"responseErr":null}
2012-12-01T22:50:41+01:00 INFO {"app":"accounting","page":"create","ui":"rpc","fileType":"json","id":1,"callback":{"cacheExpire":-1},"_version":"noV","responseID":1,"responseErr":"Following account is already in use: 1234"}
2012-12-01T22:50:42+01:00 INFO {"app":"accounting","page":"create","ui":"rpc","fileType":"json","id":1,"callback":{"cacheExpire":-1},"_version":"noV","responseID":1,"responseErr":"Following account is already in use: 1234"}
2012-12-01T22:50:42+01:00 INFO {"app":"accounting","page":"get","ui":"rpc","fileType":"json","id":1,"callback":{"cacheExpire":-1},"_version":"noV","responseID":1,"responseErr":null}
2012-12-01T22:50:43+01:00 INFO {"app":"accounting","page":"delete","ui":"rpc","fileType":"json","id":1,"callback":{"cacheExpire":-1},"_version":"noV","responseID":null,"responseErr":null}
2012-12-01T22:56:00+01:00 INFO {"app":"accounting","page":"create","ui":"rpc","fileType":"json","id":1,"callback":{"cacheExpire":-1},"_version":"noV","responseID":1,"responseErr":"Following account is already in use: 1234"}
2012-12-01T22:56:01+01:00 INFO {"app":"accounting","page":"create","ui":"rpc","fileType":"json","id":1,"callback":{"cacheExpire":-1},"_version":"noV","responseID":1,"responseErr":"Following account is already in use: 1234"}
2012-12-01T22:56:01+01:00 INFO {"app":"accounting","page":"get","ui":"rpc","fileType":"json","id":1,"callback":{"cacheExpire":-1},"_version":"noV","responseID":1,"responseErr":null}
2012-12-01T22:56:02+01:00 INFO {"app":"accounting","page":"delete","ui":"rpc","fileType":"json","id":1,"callback":{"cacheExpire":-1},"_version":"noV","responseID":1,"responseErr":null}
2012-12-01T22:56:03+01:00 INFO {"app":"accounting","page":"get","ui":"rpc","fileType":"json","id":1,"callback":{"cacheExpire":-1},"_version":"noV","responseID":1,"responseErr":null}
2012-12-01T22:57:41+01:00 INFO {"app":"accounting","page":"create","ui":"rpc","fileType":"json","id":1,"callback":{"cacheExpire":-1},"_version":"noV","responseID":1,"responseErr":"Following account is already in use: 1234"}
2012-12-01T22:57:42+01:00 INFO {"app":"accounting","page":"create","ui":"rpc","fileType":"json","id":1,"callback":{"cacheExpire":-1},"_version":"noV","responseID":1,"responseErr":"Following account is already in use: 1234"}
2012-12-01T22:57:43+01:00 INFO {"app":"accounting","page":"get","ui":"rpc","fileType":"json","id":1,"callback":{"cacheExpire":-1},"_version":"noV","responseID":1,"responseErr":null}
2012-12-01T22:57:43+01:00 INFO {"app":"accounting","page":"delete","ui":"rpc","fileType":"json","id":1,"callback":{"cacheExpire":-1},"_version":"noV","responseID":1,"responseErr":null}
2012-12-01T22:57:44+01:00 INFO {"app":"accounting","page":"get","ui":"rpc","fileType":"json","id":1,"callback":{"cacheExpire":-1},"_version":"noV","responseID":1,"responseErr":null}
2012-12-01T22:58:16+01:00 INFO {"app":"accounting","page":"create","ui":"rpc","fileType":"json","id":1,"callback":{"cacheExpire":-1},"_version":"noV","responseID":1,"responseErr":"Following account is already in use: 1234"}
2012-12-01T22:58:17+01:00 INFO {"app":"accounting","page":"create","ui":"rpc","fileType":"json","id":1,"callback":{"cacheExpire":-1},"_version":"noV","responseID":1,"responseErr":"Following account is already in use: 1234"}
2012-12-01T22:58:18+01:00 INFO {"app":"accounting","page":"get","ui":"rpc","fileType":"json","id":1,"callback":{"cacheExpire":-1},"_version":"noV","responseID":1,"responseErr":null}
2012-12-01T22:58:18+01:00 INFO {"app":"accounting","page":"delete","ui":"rpc","fileType":"json","id":1,"callback":{"cacheExpire":-1},"_version":"noV","responseID":1,"responseErr":null}
2012-12-01T22:58:19+01:00 INFO {"app":"accounting","page":"get","ui":"rpc","fileType":"json","id":1,"callback":{"cacheExpire":-1},"_version":"noV","responseID":1,"responseErr":null}
2012-12-01T23:17:59+01:00 INFO {"app":"billing","page":"get","ui":"rpc","fileType":"json","id":1,"callback":{"cacheExpire":-1},"_version":"noV","responseID":1,"responseErr":"Requested bill doesn't exist"}
2012-12-01T23:18:00+01:00 INFO {"app":"billing","page":"create","ui":"rpc","fileType":"json","id":1,"callback":{"cacheExpire":-1},"_version":"noV","responseID":1,"responseErr":"Contact blahBlahBlah doesn' exist"}
2012-12-01T23:18:01+01:00 INFO {"app":"billing","page":"create","ui":"rpc","fileType":"json","id":1,"callback":{"cacheExpire":-1},"_version":"noV","responseID":1,"responseErr":"Product \"sdf3333ertr42y5\" not found"}
2012-12-01T23:18:01+01:00 INFO {"app":"billing","page":"get","ui":"rpc","fileType":"json","id":1,"callback":{"cacheExpire":-1},"_version":"noV","responseID":1,"responseErr":"Requested bill doesn't exist"}
2012-12-01T23:20:05+01:00 INFO {"app":"billing","page":"get","ui":"rpc","fileType":"json","id":1,"callback":{"cacheExpire":-1},"_version":"noV","responseID":1,"responseErr":"Requested bill doesn't exist"}
2012-12-01T23:20:06+01:00 INFO {"app":"billing","page":"create","ui":"rpc","fileType":"json","id":1,"callback":{"cacheExpire":-1},"_version":"noV","responseID":1,"responseErr":"Contact blahBlahBlah doesn' exist"}
2012-12-01T23:20:07+01:00 INFO {"app":"billing","page":"create","ui":"rpc","fileType":"json","id":1,"callback":{"cacheExpire":-1},"_version":"noV","responseID":1,"responseErr":"Product \"sdf3333ertr42y5\" not found"}
2012-12-01T23:20:08+01:00 INFO {"app":"billing","page":"get","ui":"rpc","fileType":"json","id":1,"callback":{"cacheExpire":-1},"_version":"noV","responseID":1,"responseErr":"Requested bill doesn't exist"}
2012-12-01T23:20:43+01:00 INFO {"app":"billing","page":"get","ui":"rpc","fileType":"json","id":1,"callback":{"cacheExpire":-1},"_version":"noV","responseID":1,"responseErr":"Requested bill doesn't exist"}
2012-12-01T23:20:48+01:00 INFO {"app":"billing","page":"create","ui":"rpc","fileType":"json","id":1,"callback":{"cacheExpire":-1},"_version":"noV","responseID":1,"responseErr":"Contact blahBlahBlah doesn' exist"}
2012-12-01T23:20:48+01:00 INFO {"app":"billing","page":"create","ui":"rpc","fileType":"json","id":1,"callback":{"cacheExpire":-1},"_version":"noV","responseID":1,"responseErr":"Product \"sdf3333ertr42y5\" not found"}
2012-12-01T23:20:49+01:00 INFO {"app":"billing","page":"get","ui":"rpc","fileType":"json","id":1,"callback":{"cacheExpire":-1},"_version":"noV","responseID":1,"responseErr":"Requested bill doesn't exist"}
2012-12-01T23:23:17+01:00 INFO {"app":"billing","page":"create","ui":"rpc","fileType":"json","id":1,"callback":{"cacheExpire":-1},"_version":"noV","responseID":1,"responseErr":null}
2012-12-01T23:23:18+01:00 INFO {"app":"billing","page":"get","ui":"rpc","fileType":"json","id":1,"callback":{"cacheExpire":-1},"_version":"noV","responseID":1,"responseErr":null}
2012-12-01T23:23:18+01:00 INFO {"app":"billing","page":"create","ui":"rpc","fileType":"json","id":1,"callback":{"cacheExpire":-1},"_version":"noV","responseID":1,"responseErr":"Quantity must be more than 0, value: -4"}
2012-12-01T23:23:19+01:00 INFO {"app":"billing","page":"create","ui":"rpc","fileType":"json","id":1,"callback":{"cacheExpire":-1},"_version":"noV","responseID":1,"responseErr":"Contact blahBlahBlah doesn' exist"}
2012-12-01T23:23:20+01:00 INFO {"app":"billing","page":"create","ui":"rpc","fileType":"json","id":1,"callback":{"cacheExpire":-1},"_version":"noV","responseID":1,"responseErr":"Product \"sdf3333ertr42y5\" not found"}
2012-12-01T23:23:20+01:00 INFO {"app":"billing","page":"get","ui":"rpc","fileType":"json","id":1,"callback":{"cacheExpire":-1},"_version":"noV","responseID":1,"responseErr":"Requested bill doesn't exist"}
2012-12-01T23:23:21+01:00 INFO {"app":"billing","page":"update","ui":"rpc","fileType":"json","id":1,"callback":{"cacheExpire":-1},"_version":"noV","responseID":1,"responseErr":null}
2012-12-01T23:23:22+01:00 INFO {"app":"billing","page":"get","ui":"rpc","fileType":"json","id":1,"callback":{"cacheExpire":-1},"_version":"noV","responseID":1,"responseErr":null}
2012-12-01T23:24:17+01:00 INFO {"app":"accounting","page":"create","ui":"rpc","fileType":"json","id":1,"callback":{"cacheExpire":-1},"_version":"noV","responseID":1,"responseErr":"Following account is already in use: 1234"}
2012-12-01T23:24:18+01:00 INFO {"app":"accounting","page":"create","ui":"rpc","fileType":"json","id":1,"callback":{"cacheExpire":-1},"_version":"noV","responseID":1,"responseErr":"Following account is already in use: 1234"}
2012-12-01T23:24:18+01:00 INFO {"app":"accounting","page":"get","ui":"rpc","fileType":"json","id":1,"callback":{"cacheExpire":-1},"_version":"noV","responseID":1,"responseErr":null}
2012-12-01T23:24:20+01:00 INFO {"app":"accounting","page":"get","ui":"rpc","fileType":"json","id":1,"callback":{"cacheExpire":-1},"_version":"noV","responseID":1,"responseErr":null}
2012-12-01T23:24:47+01:00 INFO {"app":"accounting","page":"create","ui":"rpc","fileType":"json","id":1,"callback":{"cacheExpire":-1},"_version":"noV","responseID":1,"responseErr":"Following account is already in use: 1234"}
2012-12-01T23:24:47+01:00 INFO {"app":"accounting","page":"create","ui":"rpc","fileType":"json","id":1,"callback":{"cacheExpire":-1},"_version":"noV","responseID":1,"responseErr":"Following account is already in use: 1234"}
2012-12-01T23:24:48+01:00 INFO {"app":"accounting","page":"get","ui":"rpc","fileType":"json","id":1,"callback":{"cacheExpire":-1},"_version":"noV","responseID":1,"responseErr":null}
2012-12-01T23:24:49+01:00 INFO {"app":"accounting","page":"get","ui":"rpc","fileType":"json","id":1,"callback":{"cacheExpire":-1},"_version":"noV","responseID":1,"responseErr":null}
2012-12-01T23:38:26+01:00 INFO {"app":"accounting","page":"create","ui":"rpc","fileType":"json","id":1,"callback":{"cacheExpire":-1},"_version":"noV","responseID":1,"responseErr":"Following account is already in use: 1234"}
2012-12-01T23:38:27+01:00 INFO {"app":"accounting","page":"create","ui":"rpc","fileType":"json","id":1,"callback":{"cacheExpire":-1},"_version":"noV","responseID":1,"responseErr":"Following account is already in use: 1234"}
2012-12-01T23:38:27+01:00 INFO {"app":"accounting","page":"get","ui":"rpc","fileType":"json","id":1,"callback":{"cacheExpire":-1},"_version":"noV","responseID":1,"responseErr":null}
2012-12-01T23:38:28+01:00 INFO {"app":"accounting","page":"deleteAccount","ui":"rpc","fileType":"json","id":1,"callback":{"cacheExpire":-1},"_version":"noV","responseID":1,"responseErr":null}
2012-12-01T23:38:29+01:00 INFO {"app":"accounting","page":"get","ui":"rpc","fileType":"json","id":1,"callback":{"cacheExpire":-1},"_version":"noV","responseID":1,"responseErr":null}
2012-12-01T23:57:46+01:00 INFO {"app":"billing","page":"create","ui":"rpc","fileType":"json","id":1,"callback":{"cacheExpire":-1},"_version":"noV","responseID":1,"responseErr":null}
2012-12-01T23:57:47+01:00 INFO {"app":"billing","page":"get","ui":"rpc","fileType":"json","id":1,"callback":{"cacheExpire":-1},"_version":"noV","responseID":1,"responseErr":null}
2012-12-01T23:57:48+01:00 INFO {"app":"billing","page":"create","ui":"rpc","fileType":"json","id":1,"callback":{"cacheExpire":-1},"_version":"noV","responseID":1,"responseErr":"Quantity must be more than 0, value: -4"}
2012-12-01T23:57:48+01:00 INFO {"app":"billing","page":"create","ui":"rpc","fileType":"json","id":1,"callback":{"cacheExpire":-1},"_version":"noV","responseID":1,"responseErr":"Contact blahBlahBlah doesn' exist"}
2012-12-01T23:57:49+01:00 INFO {"app":"billing","page":"create","ui":"rpc","fileType":"json","id":1,"callback":{"cacheExpire":-1},"_version":"noV","responseID":1,"responseErr":"Product \"sdf3333ertr42y5\" not found"}
2012-12-01T23:57:50+01:00 INFO {"app":"billing","page":"get","ui":"rpc","fileType":"json","id":1,"callback":{"cacheExpire":-1},"_version":"noV","responseID":1,"responseErr":"Requested bill doesn't exist"}
2012-12-01T23:57:50+01:00 INFO {"app":"accounting","page":"create","ui":"rpc","fileType":"json","id":1,"callback":{"cacheExpire":-1},"_version":"noV","responseID":1,"responseErr":"Following account is already in use: 1234"}
2012-12-01T23:57:51+01:00 INFO {"app":"billing","page":"update","ui":"rpc","fileType":"json","id":1,"callback":{"cacheExpire":-1},"_version":"noV","responseID":1,"responseErr":null}
2012-12-01T23:57:52+01:00 INFO {"app":"accounting","page":"create","ui":"rpc","fileType":"json","id":1,"callback":{"cacheExpire":-1},"_version":"noV","responseID":1,"responseErr":"Following account is already in use: 1234"}
2012-12-01T23:57:52+01:00 INFO {"app":"billing","page":"get","ui":"rpc","fileType":"json","id":1,"callback":{"cacheExpire":-1},"_version":"noV","responseID":1,"responseErr":null}
2012-12-01T23:57:53+01:00 INFO {"app":"accounting","page":"get","ui":"rpc","fileType":"json","id":1,"callback":{"cacheExpire":-1},"_version":"noV","responseID":1,"responseErr":null}
2012-12-01T23:57:55+01:00 INFO {"app":"accounting","page":"deleteAccount","ui":"rpc","fileType":"json","id":1,"callback":{"cacheExpire":-1},"_version":"noV","responseID":1,"responseErr":null}
2012-12-01T23:58:03+01:00 INFO {"app":"accounting","page":"create","ui":"rpc","fileType":"json","id":1,"callback":{"cacheExpire":-1},"_version":"noV","responseID":1,"responseErr":null}
2012-12-01T23:58:04+01:00 INFO {"app":"accounting","page":"create","ui":"rpc","fileType":"json","id":1,"callback":{"cacheExpire":-1},"_version":"noV","responseID":1,"responseErr":"Following account is already in use: 1234"}
2012-12-01T23:58:05+01:00 INFO {"app":"accounting","page":"get","ui":"rpc","fileType":"json","id":1,"callback":{"cacheExpire":-1},"_version":"noV","responseID":1,"responseErr":null}
2012-12-01T23:58:05+01:00 INFO {"app":"accounting","page":"deleteAccount","ui":"rpc","fileType":"json","id":1,"callback":{"cacheExpire":-1},"_version":"noV","responseID":1,"responseErr":null}
2012-12-02T00:08:34+01:00 INFO {"app":"accounting","page":"create","ui":"rpc","fileType":"json","id":1,"callback":{"cacheExpire":-1},"_version":"noV","responseID":1,"responseErr":null}
2012-12-02T00:08:35+01:00 INFO {"app":"accounting","page":"create","ui":"rpc","fileType":"json","id":1,"callback":{"cacheExpire":-1},"_version":"noV","responseID":1,"responseErr":"Following account is already in use: 1234"}
2012-12-02T00:08:36+01:00 INFO {"app":"accounting","page":"get","ui":"rpc","fileType":"json","id":1,"callback":{"cacheExpire":-1},"_version":"noV","responseID":1,"responseErr":null}
2012-12-02T00:08:36+01:00 INFO {"app":"accounting","page":"deleteAccount","ui":"rpc","fileType":"json","id":1,"callback":{"cacheExpire":-1},"_version":"noV","responseID":1,"responseErr":null}
2012-12-02T00:08:37+01:00 INFO {"app":"accounting","page":"get","ui":"rpc","fileType":"json","id":1,"callback":{"cacheExpire":-1},"_version":"noV","responseID":1,"responseErr":"Account %s doesn't exist."}
2012-12-02T00:08:52+01:00 INFO {"app":"accounting","page":"create","ui":"rpc","fileType":"json","id":1,"callback":{"cacheExpire":-1},"_version":"noV","responseID":1,"responseErr":null}
2012-12-02T00:08:53+01:00 INFO {"app":"accounting","page":"create","ui":"rpc","fileType":"json","id":1,"callback":{"cacheExpire":-1},"_version":"noV","responseID":1,"responseErr":"Following account is already in use: 1234"}
2012-12-02T00:08:53+01:00 INFO {"app":"accounting","page":"get","ui":"rpc","fileType":"json","id":1,"callback":{"cacheExpire":-1},"_version":"noV","responseID":1,"responseErr":null}
2012-12-02T00:08:54+01:00 INFO {"app":"accounting","page":"deleteAccount","ui":"rpc","fileType":"json","id":1,"callback":{"cacheExpire":-1},"_version":"noV","responseID":1,"responseErr":null}
2012-12-02T00:08:55+01:00 INFO {"app":"accounting","page":"get","ui":"rpc","fileType":"json","id":1,"callback":{"cacheExpire":-1},"_version":"noV","responseID":1,"responseErr":"Account 1234 doesn't exist."}
